traffic	1	9
standard_hd	2	16
photo	1	16
standard	2	17,19
traffic_hd	1	12
standard	1	13
traffic	1	14
standard	1	19
traffic	1	14
photo	1	17
standard	1	17
photo	2	17
traffic_hd	1	12
photo	1	17
standard	1	16
standard_hd	1	13
traffic_hd	1	12
standard	1	14
standard_hd	5	13,14
standard	3	17,18,19
traffic_hd	1	17
standard	1	19
traffic	1	14
traffic_hd	1	17
standard	2	17,19
public_transport_hd	1	15
standard	3	18,19
traffic_hd	1	17
standard	5	14,16,17,18
standard_hd	2	16,18
traffic_hd	2	12,14
standard	1	14
standard_hd	2	15
hybrid	1	15
standard_hd	2	15
photo	1	15
traffic_hd	1	9
photo	1	16
standard_hd	1	11
standard	2	14,19
standard_hd	1	11
traffic_hd	2	8
standard	4	16,17,19
photo	1	19
hybrid	1	15
standard	1	19
photo	1	19
traffic	1	14
standard	1	18
traffic	1	14
standard	2	17,19
standard_hd	2	15
standard	2	15
standard_hd	1	15
photo	4	15,16,17,18
standard	1	18
standard_hd	1	17
standard	1	18
standard_hd	3	15,17
standard	1	16
traffic_hd	1	8
standard	2	14,19
traffic_hd	1	8
photo	1	18
standard	1	19
standard_hd	1	13
standard	1	19
traffic_hd	1	14
standard_hd	1	13
traffic_hd	1	12
standard	3	18,19
standard_hd	1	16
standard	1	16
standard_hd	2	15
standard	1	18
standard_hd	1	17
standard	3	18
traffic_hd	3	12
standard	3	18,8
standard_hd	1	13
standard	2	18,19
traffic_hd	1	8
standard	1	17
traffic_hd	1	12
standard	5	18,19
standard_hd	1	16
standard	3	18,19
traffic_hd	1	16
photo	1	18
standard	1	19
standard_hd	2	14,18
traffic_hd	1	8
photo	1	17
standard	1	14
traffic_hd	1	14
standard	1	19
hybrid	1	15
standard	3	18
standard_hd	1	16
photo	2	16
hybrid	1	15
photo	3	16,19
standard_hd	2	14
traffic_hd	2	11
standard_hd	1	16
standard	1	19
standard_hd	1	16
standard	1	18
traffic_hd	1	11
standard_hd	5	13,14,16
standard	1	19
traffic_hd	1	11
standard	2	14,19
standard_hd	1	6
standard	2	19
standard_hd	2	16
hybrid	1	15
standard_hd	1	17
photo	1	19
standard	2	15,19
traffic_hd	1	12
hybrid	1	15
traffic_hd	1	8
standard	3	14,15,17
photo	1	17
standard_hd	1	16
photo	1	17
standard_hd	1	17
standard	1	15
hybrid	1	15
standard_hd	4	13,16
traffic_hd	1	8
standard_hd	2	16,6
standard	1	19
traffic_hd	1	11
standard_hd	2	16,17
photo	1	17
standard_hd	2	17
traffic_hd	1	8
standard_hd	1	17
standard	1	19
standard_hd	8	16,17
photo	1	17
standard_hd	8	13,16,17,18
photo	2	12
standard	1	16
photo	1	12
standard_hd	2	16
photo	1	12
standard	2	16,18
traffic_hd	1	18
standard	2	10,18
traffic_hd	1	8
standard_hd	1	18
photo	1	12
public_transport_hd	1	16
standard_hd	1	16
public_transport_hd	1	16
standard_hd	2	17,9
photo	1	12
standard	1	17
standard_hd	1	19
public_transport_hd	1	16
standard_hd	1	19
traffic_hd	1	16
standard_hd	2	18
traffic_hd	1	18
standard_hd	3	16,18
standard	1	17
standard_hd	1	18
traffic_hd	2	6
standard_hd	1	15
photo	1	12
standard	2	16
traffic_hd	1	8
standard	1	16
traffic_hd	1	10
standard_hd	1	15
photo	1	13
standard_hd	1	18
standard	2	16
standard_hd	1	15
photo	1	19
standard	1	18
standard_hd	1	12
standard	2	17,18
standard_hd	2	12,15
standard	1	9
public_transport_hd	1	16
standard_hd	3	12,18
standard	4	15,19
traffic_hd	1	16
standard	5	15,19
standard_hd	1	16
standard	1	16
photo	1	18
standard_hd	1	11
standard	1	19
photo	1	18
standard_hd	2	16,18
standard	2	13,19
traffic_hd	1	18
standard	1	19
standard_hd	1	17
traffic	1	14
standard	3	17,18,19
standard_hd	2	17,18
standard	1	19
photo	1	19
standard_hd	1	17
standard	1	18
photo	3	12,18
standard	2	17,19
standard_hd	5	12,14,15
photo	1	12
standard	1	18
standard_hd	1	16
standard	3	19
standard_hd	4	17
standard	1	16
photo	1	16
standard	2	14,19
standard_hd	2	16,17
public_transport_hd	2	16
standard_hd	3	16,18
public_transport_hd	1	16
standard	2	19
public_transport_hd	1	16
standard	3	16,19
standard_hd	2	15,17
standard	1	17
standard_hd	2	17
standard	1	19
public_transport_hd	1	16
standard_hd	4	17,18
standard	1	19
public_transport_hd	1	16
traffic_hd	2	11
standard_hd	1	17
traffic_hd	1	11
standard	1	16
standard_hd	1	15
standard	1	19
standard_hd	1	15
photo	1	11
standard_hd	1	16
photo	1	11
standard	1	19
photo	3	11
standard_hd	1	12
traffic_hd	1	7
photo	1	11
standard_hd	2	12,15
standard	1	18
public_transport_hd	1	16
traffic_hd	2	7
standard_hd	2	12,16
traffic	1	13
traffic_hd	1	7
standard	2	14,19
standard_hd	1	16
traffic_hd	1	11
photo	1	18
standard_hd	1	19
traffic_hd	1	7
standard	1	17
standard_hd	1	16
standard	2	16,19
standard_hd	2	12,16
standard	1	15
standard_hd	2	16
standard	3	16,17,18
traffic_hd	1	7
standard_hd	1	16
standard	1	11
traffic_hd	1	12
photo	1	18
traffic_hd	1	7
photo	1	18
standard	1	19
standard_hd	1	19
photo	1	18
standard_hd	1	19
traffic_hd	2	7
standard	2	13,14
traffic_hd	2	12
standard	1	7
standard_hd	1	16
traffic_hd	1	7
standard	1	14
traffic_hd	2	17,7
standard	4	13,15,19
traffic	1	13
standard	1	14
photo	1	17
standard	1	19
photo	1	17
standard	3	17,19
photo	1	13
standard_hd	1	7
photo	1	13
standard_hd	1	17
standard	1	17
photo	1	13
standard	1	14
photo	2	13
standard	1	14
standard_hd	1	16
photo	1	13
standard_hd	1	17
photo	1	13
standard	1	19
photo	1	17
standard_hd	3	13,19
traffic_hd	1	13
photo	2	13,19
traffic	2	10
traffic_hd	1	10
traffic	1	16
standard	1	17
photo	3	15,18
standard_hd	1	16
traffic	1	12
photo	1	15
standard	1	15
photo	1	15
standard	1	18
traffic_hd	1	11
standard_hd	1	17
traffic_hd	1	10
standard_hd	1	17
traffic_hd	1	14
photo	1	17
standard_hd	1	19
photo	1	17
traffic	1	10
standard_hd	1	19
traffic_hd	4	10,13
standard_hd	2	13
standard	1	19
traffic_hd	1	13
standard_hd	1	19
traffic_hd	2	13
standard	2	17,18
traffic_hd	1	14
standard	1	6
traffic_hd	1	10
standard_hd	1	15
traffic_hd	1	10
standard	2	14,17
standard_hd	1	15
photo	2	18
traffic_hd	1	14
standard_hd	1	19
standard	2	19
standard_hd	1	15
photo	1	14
standard	2	15
standard_hd	2	10,15
standard	1	19
standard_hd	1	15
standard	2	19
traffic_hd	1	18
standard_hd	3	15,17,9
standard	1	14
traffic_hd	1	14
standard_hd	4	15,19
traffic_hd	1	10
traffic	1	8
standard_hd	1	17
traffic_hd	1	8
standard_hd	1	19
hybrid	1	15
standard_hd	1	19
traffic_hd	1	14
standard	1	14
traffic_hd	1	10
standard	2	14,16
standard_hd	4	14,15,19
standard	1	14
photo	1	19
standard_hd	1	14
photo	1	17
standard	1	14
standard_hd	2	14,19
standard	1	19
standard_hd	1	19
standard	1	12
photo	2	15,17
standard	1	19
photo	1	17
standard_hd	1	19
standard	2	14
standard_hd	1	19
standard	1	14
hybrid	1	15
standard	2	14
standard_hd	1	19
standard	1	19
photo	2	17
standard_hd	1	18
hybrid	1	15
photo	1	18
standard	1	18
standard_hd	1	12.882096005232
traffic	1	17
standard_hd	1	14
hybrid	1	15
photo	1	13
traffic_hd	1	12
photo	1	13
standard	1	18
standard_hd	1	19
photo	1	12
traffic_hd	1	12
standard_hd	1	16
photo	2	12
standard_hd	2	16,19
photo	1	12
standard_hd	1	18
photo	3	12,17
traffic_hd	1	12
photo	2	17
standard	1	19
photo	3	17
hybrid	1	15
photo	4	17
standard	1	17
traffic	1	16
standard	2	17,7
traffic	1	16
traffic_hd	1	15
standard	2	10,11
standard_hd	2	16
standard	1	19
photo	1	17
standard	2	16
photo	1	17
standard_hd	1	19
standard	1	14
standard_hd	1	19
photo	1	17
standard	1	19
standard_hd	1	19
standard	1	16
standard_hd	1	18
photo	1	17
standard_hd	1	18
photo	4	17
standard_hd	1	18
standard	1	18
standard_hd	3	18
standard	1	14
photo	3	17
standard	3	16,18,19
standard_hd	3	15
standard	1	19
public_transport_hd	2	16
standard	1	15
standard_hd	1	15
standard	2	19
standard_hd	1	15
standard	1	15
traffic_hd	1	15
standard	3	14,15,19
standard_hd	1	15
photo	1	18
standard_hd	2	18,19
traffic_hd	1	15
photo	1	18
standard	1	15
standard_hd	1	18
standard	1	19
standard_hd	3	15,17,19
standard	1	19
standard_hd	1	18
traffic	3	9
standard_hd	5	14,15,16,19
standard	2	15,18
photo	1	18
standard_hd	1	15
photo	3	18
standard_hd	3	15,16
standard	1	19
photo	1	18
standard_hd	2	15
photo	1	18
standard_hd	4	15
photo	1	18
standard_hd	1	15
standard	1	15
standard_hd	1	18
standard	1	17
standard_hd	2	16,18
photo	4	16,19
traffic_hd	1	12
photo	1	16
standard	1	19
photo	2	16
standard	2	13,19
traffic_hd	1	11
standard	1	18
photo	2	16,17
standard_hd	1	6
photo	1	17
standard_hd	1	14
photo	1	16
standard	1	18
photo	2	17
standard	1	18
standard_hd	1	14
photo	2	16
standard_hd	2	13,16
photo	1	16
standard_hd	2	14,5
standard	1	18
photo	2	16
standard_hd	2	11,17
photo	1	16
traffic_hd	1	15
standard	1	15
photo	1	11
traffic_hd	1	11
photo	2	16
traffic_hd	1	11
photo	1	11
standard_hd	4	14,17
photo	3	19
standard	1	18
traffic	1	15
standard	2	17
standard_hd	1	13
standard	2	14,17
standard_hd	1	13
standard	2	12,17
photo	1	14
standard_hd	2	13
traffic_hd	1	11
standard_hd	1	17
standard	1	18
standard_hd	5	13,14,17
photo	1	19
standard_hd	1	16
photo	1	11
standard	3	19
standard_hd	1	16
standard	1	14
photo	1	19
standard	1	19
traffic_hd	1	11
standard	2	19
photo	2	12,19
traffic_hd	1	14
standard	2	15,19
photo	1	19
traffic	1	18
photo	2	11,16
standard	1	16
traffic_hd	1	14
standard_hd	1	14
standard	4	14,16,19
photo	1	19
standard	3	16,19
standard_hd	1	13
photo	1	19
standard	1	17
traffic_hd	1	14
standard	1	19
photo	2	19
standard_hd	1	15
standard	2	14,19
traffic_hd	1	11
standard	2	16,19
traffic_hd	1	11
standard	1	11
public_transport_hd	1	17
standard	1	19
traffic_hd	4	10,11,9
public_transport_hd	1	17
standard	1	19
photo	2	19
standard	2	15,18
public_transport_hd	1	15
photo	1	19
traffic_hd	1	9
standard	2	14,19
photo	1	17
traffic_hd	1	11
standard	1	12
photo	1	18
traffic_hd	1	11
photo	1	17
standard	1	18
photo	1	17
traffic_hd	2	11,9
photo	6	12,17,18
standard_hd	1	14
photo	4	17
traffic_hd	1	9
standard	1	14
photo	2	12,17
standard	1	19
traffic_hd	1	9
public_transport_hd	1	17
standard	1	15
standard_hd	1	17
photo	1	11
standard	1	19
photo	3	15
standard_hd	1	16
public_transport_hd	1	17
photo	1	15
standard	1	15
photo	1	14
public_transport_hd	1	17
photo	3	14
standard	2	19,8
photo	2	14,19
traffic_hd	2	15,18
photo	1	19
public_transport_hd	1	17
standard	1	15
standard_hd	3	16
standard	2	19
photo	1	18
traffic_hd	1	18
standard_hd	1	18
traffic_hd	1	18
photo	1	14
standard_hd	2	14,16
photo	2	14
standard_hd	1	16
photo	1	14
standard_hd	2	18
photo	3	14
traffic_hd	1	10
standard	1	16
public_transport_hd	1	17
photo	1	14
standard_hd	3	14,16,6
photo	1	14
standard_hd	1	19
traffic_hd	1	18
photo	2	14
public_transport_hd	1	17
photo	5	14,18
standard_hd	1	16
photo	1	14
standard	2	14,19
photo	1	19
traffic_hd	1	16
standard	1	19
photo	1	12
traffic	1	15
photo	1	19
traffic_hd	2	16
standard	1	19
standard_hd	2	16
photo	1	19
standard	2	16,19
standard_hd	1	17
public_transport_hd	1	17
standard	1	11
standard_hd	1	19
public_transport_hd	1	17
photo	2	18,19
standard_hd	1	19
standard	1	19
photo	2	18
standard_hd	2	16,19
photo	3	16
standard_hd	1	16
photo	1	16
traffic_hd	1	16
photo	1	17
standard_hd	4	14,15,19
standard	1	17
standard_hd	1	19
standard	1	14
photo	1	19
standard_hd	5	12,16,18
standard	1	17
standard_hd	1	19
standard	4	17,19
standard_hd	2	17,18
photo	2	18
standard_hd	4	17
photo	1	18
traffic_hd	2	17
standard_hd	2	17
standard	3	15,16,19
photo	2	11,18
standard	1	19
photo	1	18
standard	2	14,19
photo	2	18
traffic_hd	2	10,14
photo	1	18
public_transport_hd	1	17
photo	2	18
standard_hd	4	11,17,6
traffic_hd	1	10
standard_hd	1	17
photo	1	19
standard_hd	1	17
standard	4	11,14,17
public_transport_hd	1	17
standard_hd	1	17
standard	1	8
standard_hd	1	17
standard	1	14
standard_hd	5	17,19
photo	2	12
standard	1	19
photo	1	13
public_transport_hd	1	17
photo	6	13
standard	2	16
public_transport_hd	2	17
standard	1	16
standard_hd	1	19
traffic_hd	1	7
standard_hd	3	16,19
traffic_hd	1	7
photo	1	17
traffic_hd	2	13,17
photo	3	15,17
traffic_hd	1	17
photo	7	15,17
standard_hd	1	18
photo	2	17,19
standard_hd	1	15
photo	3	17,19
standard_hd	1	17
photo	1	15
standard	1	16
standard_hd	1	17
standard	1	11
photo	2	13,17
public_transport_hd	2	17
standard	3	19,7
photo	1	18
standard_hd	1	16
public_transport_hd	1	17
photo	1	18
traffic	1	12
traffic_hd	2	18
standard_hd	1	16
standard	1	17
photo	3	18
standard	3	12,19
traffic_hd	1	9
photo	1	18
standard	1	17
standard_hd	1	16
photo	1	9
standard_hd	5	14,16,19
traffic_hd	1	18
standard_hd	4	11,16,18
standard	1	18
photo	1	18
standard_hd	1	15
standard	1	18
standard_hd	1	14
standard	1	14
photo	4	18
standard	2	14
photo	1	9
standard_hd	1	14
standard	3	17,18,19
photo	1	9
traffic_hd	1	18
photo	1	14
traffic_hd	1	9
public_transport_hd	1	18
photo	1	9
public_transport_hd	2	18
standard	1	19
public_transport_hd	1	18
photo	1	18
standard_hd	1	15
standard	2	17
public_transport_hd	1	18
standard_hd	1	16
standard	2	17
standard_hd	1	13
standard	1	19
standard_hd	1	13
standard	1	17
standard_hd	2	11,12
traffic_hd	2	18
standard	1	17
standard_hd	4	11,13,18
photo	1	12
standard_hd	2	13,15
standard	2	18
traffic_hd	1	18
standard	1	19
standard_hd	1	19
standard	2	19
photo	1	17
standard_hd	3	13,19
standard	1	19
photo	1	19
standard	1	19
standard_hd	1	13
standard	1	19
photo	1	10
standard_hd	4	15,16,17
public_transport_hd	1	18
standard_hd	2	16,19
standard	1	15
standard_hd	1	16
photo	1	10
standard_hd	2	16
photo	1	14
standard_hd	3	18
standard	2	19
standard_hd	1	18
traffic	1	8
standard_hd	1	15
standard	1	19
standard_hd	1	18
standard	1	19
standard_hd	2	17,18
standard	1	18
standard_hd	6	15,17,18
photo	1	19
standard	1	12
photo	3	17
standard	1	19
photo	1	17
standard_hd	3	18
traffic_hd	1	18
standard	2	12,19
standard_hd	3	12,18,19
photo	1	19
standard_hd	1	12
photo	6	11,14,19
standard	1	13
standard_hd	4	18,5
traffic_hd	1	14
standard_hd	3	11,15,16
photo	2	14
standard	1	13
standard_hd	1	15
standard	1	13
photo	2	11,19
standard	3	12,17,19
photo	1	19
standard	2	12,17
standard_hd	1	19
standard	7	16,17,19
photo	1	11
standard	2	16,19
photo	1	18
standard	1	19
photo	1	15
standard_hd	2	18,6
photo	3	11,15,18
standard	1	19
standard_hd	1	14
standard	1	19
standard_hd	1	16
standard	1	13
standard_hd	1	16
standard	1	19
standard_hd	1	15
standard	1	19
standard_hd	2	10,14
traffic_hd	1	19
photo	1	11
standard_hd	2	15,18
traffic_hd	2	19
standard	4	17,19
traffic_hd	1	18
standard	1	19
traffic_hd	1	18
standard	1	15
traffic_hd	2	11,18
standard	1	19
standard_hd	1	18
traffic_hd	1	11
standard_hd	2	10,17
standard	1	15
standard_hd	1	10
standard	1	15
standard_hd	1	18
traffic_hd	1	18
standard	1	5
traffic_hd	1	18
standard	1	15
standard_hd	1	17
traffic	1	18
standard_hd	1	17
standard	4	15,18,19
standard_hd	1	13
standard	2	18
traffic_hd	1	12
standard_hd	3	11,13
photo	1	11
standard	1	19
photo	5	18
standard_hd	3	17,19,8
photo	1	15
standard_hd	1	17
traffic_hd	1	18
photo	5	15,17,18
traffic_hd	1	14
standard	1	13
standard_hd	1	19
photo	3	15,18
standard	2	13,16
photo	1	18
standard_hd	1	13
traffic_hd	1	18
photo	1	18
standard	1	19
traffic_hd	1	18
standard	1	14
standard_hd	1	12
traffic_hd	1	14
standard_hd	3	12,6
photo	1	12
standard_hd	6	12,18
standard	1	16
photo	1	18
standard	1	19
standard_hd	1	17
standard	1	18
standard_hd	5	14,17,19
standard	2	14
photo	2	18,19
standard	1	19
traffic_hd	1	18
standard	2	19
photo	1	18
standard	2	19
traffic_hd	1	7
standard	5	14,18
traffic_hd	3	13,7
standard	1	19
standard_hd	2	14
photo	1	19
standard	4	14,19
standard_hd	2	15,17
standard	1	16
photo	1	19
standard_hd	1	15
photo	2	16
standard	4	15,16,19
standard_hd	2	14
photo	1	12
standard	2	13,15
photo	1	19
standard	1	18
standard_hd	1	17
standard	4	14,19
photo	2	14,19
standard_hd	2	15,17
standard	2	15,19
standard_hd	1	17
standard	2	11,19
standard_hd	1	17
standard	2	17,19
standard_hd	1	15
standard	2	17
traffic_hd	1	14
standard_hd	1	19
standard	1	17
standard_hd	1	19
photo	2	17
standard_hd	2	18,8
standard	2	14,19
standard_hd	1	19
standard	2	12,14
standard_hd	1	19
standard	2	17
standard_hd	1	17
standard	2	14,18
standard_hd	1	15
standard	1	18
traffic_hd	1	11
standard_hd	2	16
photo	1	19
standard	1	16
photo	2	19
standard_hd	3	16
traffic_hd	1	17
photo	1	19
standard	1	14
photo	5	17,19
standard	1	15
photo	6	17,18,19
standard	1	13
photo	1	12
standard	2	14,19
standard_hd	2	17
standard	1	14
standard_hd	1	17
traffic_hd	2	1,18
standard_hd	1	13
standard	1	19
traffic_hd	1	18
standard	1	15
standard_hd	6	13,16
standard	1	14
standard_hd	1	14
traffic_hd	1	0
standard_hd	4	10,16,19
photo	1	15
standard_hd	3	10,13,13.999407243244809
standard	1	16
photo	2	15
standard_hd	3	16,17
standard	2	12,15
photo	1	18
standard_hd	1	19
standard	1	14
standard_hd	2	13,19
standard	1	19
standard_hd	2	12,13
standard	2	13,16
standard_hd	4	12,16
standard	3	14,19
traffic_hd	1	11
standard	3	14,19
standard_hd	1	16
standard	1	16
standard_hd	2	11,17
standard	1	14
standard_hd	1	11
standard	1	19
standard_hd	3	11,13,19
standard	1	14
standard_hd	4	11,16,18
standard	1	14
standard_hd	2	13,18
photo	1	12
standard_hd	2	11
photo	1	17
standard_hd	2	15
standard	2	14,16
standard_hd	1	11
traffic_hd	2	11,8
standard_hd	1	16
photo	2	16
standard	1	14
standard_hd	1	11
traffic_hd	1	18
standard_hd	7	15,19
standard	1	12
standard_hd	1	15
traffic_hd	1	11
standard_hd	4	15
standard	1	14
standard_hd	5	15
photo	2	14,18
standard_hd	1	15
traffic_hd	1	18
photo	1	16
standard_hd	3	14,15,16
traffic_hd	1	11
standard	1	19
standard_hd	1	15
standard	2	12,15
standard_hd	1	19
standard	1	15
standard_hd	3	14,15,19
traffic_hd	1	18
standard	2	15,17
photo	1	19
standard_hd	1	19
photo	1	18
standard_hd	2	16
photo	2	17,18
traffic_hd	2	9
photo	1	17
standard_hd	1	14
standard	1	19
photo	1	14
standard_hd	2	12,14
photo	1	14
standard_hd	2	12,19
standard	1	14
traffic_hd	1	16
standard	1	15
standard_hd	3	14,16,19
photo	2	14
standard	1	10
photo	1	18
standard	2	14
standard_hd	5	12,14,6
traffic_hd	1	13
standard	1	19
standard_hd	3	13,14,16
traffic	1	8
standard	1	15
standard_hd	4	14,16,4,5
standard	1	19
standard_hd	5	14,16
standard	1	14
standard_hd	3	14,15
traffic	1	8
standard_hd	1	19
standard	1	19
standard_hd	4	13,14,17
standard	1	19
standard_hd	1	13
standard	1	15
photo	1	17
standard	1	15
standard_hd	1	15
traffic_hd	1	13
standard_hd	4	15,18
standard	4	15,19
photo	1	19
standard	1	15
standard_hd	1	12
standard	1	19
standard_hd	1	12
standard	1	14
traffic_hd	1	19
standard_hd	2	17,19
standard	1	14
standard_hd	5	11,17,19
photo	1	19
standard	3	14,15,17
standard_hd	1	11
standard	2	19
standard_hd	1	5
standard	1	19
standard_hd	1	19
traffic_hd	1	16
standard	2	17,19
standard_hd	2	13,18
photo	1	17
standard	1	15
standard_hd	2	11,19
standard	1	19
standard_hd	1	11
traffic_hd	1	17
standard	1	13
traffic_hd	1	17
standard_hd	1	17
photo	3	19
standard	1	11
traffic_hd	2	17,18
standard	2	10,15
standard_hd	2	19,5
standard	1	19
standard_hd	3	12,19
standard	1	17
traffic_hd	1	9
traffic	1	15
standard	1	11
photo	1	19
standard_hd	1	19
standard	4	13,19
photo	1	19
standard_hd	2	12,19
photo	1	19
standard_hd	2	12,13
standard	2	19,8
standard_hd	6	12,18
standard	1	10
photo	1	19
standard	1	15
photo	1	19
standard	1	13
photo	1	18
traffic_hd	1	12
standard_hd	1	19
photo	1	19
standard	1	19
traffic_hd	2	12,19
standard_hd	1	18
traffic_hd	1	19
standard	2	15,19
standard_hd	3	17
standard	1	15
standard_hd	1	17
standard	1	19
standard_hd	2	19,7
standard	1	19
standard_hd	1	14
photo	1	19
standard_hd	1	12
standard	2	12,19
standard_hd	2	12,16
traffic	1	11
standard	1	8
standard_hd	1	19
photo	1	19
standard	1	19
photo	2	19
standard_hd	1	17
standard	4	15,19,8
traffic_hd	1	12
standard_hd	1	17
traffic_hd	1	12
standard	1	13
traffic_hd	2	12
standard_hd	1	19
traffic_hd	1	12
standard_hd	2	16,19
traffic_hd	1	12
standard_hd	1	17
photo	1	12
standard_hd	1	16
standard	1	19
traffic_hd	3	12
standard	1	13
standard_hd	3	16,18
traffic_hd	1	14
standard	1	12
traffic_hd	1	9
standard_hd	1	18
standard	1	15
standard_hd	1	18
standard	2	14,15
traffic_hd	1	18
standard_hd	3	16,8
public_transport_hd	1	17
photo	1	16
standard_hd	1	16
traffic_hd	1	11
public_transport_hd	2	17
standard	1	19
photo	1	19
standard_hd	1	16
public_transport_hd	2	17
photo	1	19
traffic_hd	1	11
photo	3	18
public_transport_hd	1	17
standard_hd	1	16
standard	1	19
public_transport_hd	2	17
standard	1	15
public_transport_hd	1	17
standard	1	18
standard_hd	3	16
public_transport_hd	1	17
standard_hd	3	16,18,19
standard	1	16
standard_hd	2	16
standard	1	16
public_transport_hd	1	17
standard	1	16
standard_hd	3	16,18
photo	1	18
standard	1	13
public_transport_hd	1	17
photo	1	18
standard	1	15
photo	3	18
standard	1	8
photo	2	18
standard_hd	2	15
standard	1	19
public_transport_hd	2	17
standard_hd	1	15
traffic_hd	1	8
standard	2	18,19
public_transport_hd	1	17
standard_hd	1	18
public_transport_hd	2	17
standard	2	13,15
public_transport_hd	1	17
standard	1	19
standard_hd	1	17
standard	2	19
standard_hd	1	18
public_transport_hd	1	17
standard	1	19
public_transport_hd	1	17
standard	3	10,19
standard_hd	1	18
traffic	1	18
photo	1	19
standard	1	16
public_transport_hd	2	17
standard	2	19
standard_hd	1	16
public_transport_hd	3	17
standard	1	19
public_transport_hd	1	17
standard_hd	1	17
public_transport_hd	1	17
standard_hd	2	17
traffic_hd	1	8
standard	1	19
standard_hd	1	12
standard	1	8
standard_hd	1	12
public_transport_hd	3	17
standard_hd	1	16
standard	1	15
standard_hd	1	16
standard	1	15
standard_hd	1	15
standard	1	15
public_transport_hd	1	17
standard_hd	1	19
public_transport_hd	1	17
standard	3	12,14,15
photo	2	19
standard_hd	1	19
public_transport_hd	1	17
standard	2	12,14
traffic_hd	1	10
photo	1	12
standard	1	17
photo	1	19
standard_hd	8	12,15,16,19
standard	1	17
traffic_hd	1	13
standard_hd	2	16
standard	1	16
standard_hd	1	7
public_transport_hd	1	17
standard_hd	1	16
traffic	1	14
standard_hd	1	15
traffic_hd	1	14
standard	1	8
standard_hd	1	16
traffic_hd	1	15
standard_hd	4	15,17
standard	1	15
standard_hd	1	16
standard	1	19
public_transport_hd	3	17
standard_hd	2	15,19
photo	1	19
standard_hd	3	15,16,17
public_transport_hd	1	17
photo	1	11
standard_hd	1	17
public_transport_hd	1	17
standard	1	15
standard_hd	5	16,17,19
standard	2	13,19
standard_hd	1	16
standard	1	19
standard_hd	1	16
standard	1	13
standard_hd	3	13,16
standard	1	19
standard_hd	2	16
standard	1	19
standard_hd	3	15,16
photo	1	17
standard_hd	1	15
photo	1	19
standard_hd	1	17
traffic	1	10
photo	1	19
standard_hd	1	15
photo	2	10,18
standard_hd	1	16
photo	5	10,18,19
standard_hd	1	15
photo	1	18
standard_hd	1	19
photo	1	18
standard	1	19
photo	2	18,19
standard_hd	1	15
standard	1	14
standard_hd	3	15
photo	2	11
standard_hd	1	17
photo	1	18
standard	2	14
photo	1	17
traffic	1	11
standard	1	16
photo	1	17
standard_hd	5	15,17,18
public_transport_hd	2	17
standard_hd	4	11,15,9
photo	1	17
standard_hd	1	11
public_transport_hd	1	17
standard_hd	1	11
public_transport_hd	1	17
standard_hd	2	15
traffic_hd	1	14
standard	1	9
standard_hd	2	11,17
traffic_hd	1	14
standard_hd	4	11,15
standard	1	9
standard_hd	1	16
standard	1	19
standard_hd	2	11
standard	1	10
traffic	1	12
standard	1	10
photo	1	9
standard	2	10
photo	1	12
traffic_hd	1	8
standard_hd	1	12
photo	1	9
standard	1	15
traffic	1	12
standard	1	19
traffic_hd	1	10
traffic	1	12
standard_hd	1	16
photo	2	16,9
traffic_hd	1	12
standard_hd	1	17
standard	1	14
traffic_hd	1	10
photo	1	9
standard_hd	1	13
photo	2	19
standard	1	14
photo	3	19,8
standard	1	19
photo	2	12,15
standard	2	17,19
photo	1	8
standard	2	17,19
photo	1	8
standard_hd	1	19
photo	1	8
standard	1	14
traffic_hd	1	18
standard_hd	1	11
photo	1	15
standard_hd	2	12,14
photo	1	15
standard_hd	1	16
traffic_hd	1	18
standard	1	19
photo	4	17,18,19
standard_hd	1	15
photo	1	19
standard	2	16,19
photo	2	19,8
standard_hd	1	14
standard	5	10,13,16,19
photo	1	7
standard	3	19
photo	1	7
standard	1	19
photo	1	7
hybrid	1	7
photo	1	7
hybrid	1	7
photo	4	7
traffic_hd	1	18
standard	1	19
standard_hd	2	17,18
standard	1	17
standard_hd	1	17
standard	1	5
standard_hd	2	11,16
standard	2	16
standard_hd	1	5
hybrid	1	7
standard	1	15
standard_hd	2	16,18
photo	1	14
standard	2	15
standard_hd	3	15,16,18
standard	1	6
photo	1	19
standard	1	19
photo	1	19
standard	1	5
photo	1	19
standard	1	6
standard_hd	2	15,18
standard	1	14
photo	2	15,19
traffic_hd	1	6
standard_hd	1	13
photo	1	19
traffic_hd	1	6
standard	1	16
photo	1	19
standard	2	18,19
photo	4	11,19
standard	1	14
photo	1	6
standard	2	15,19
standard_hd	1	16
photo	1	18
standard_hd	1	11
photo	2	18
standard_hd	2	11,16
photo	3	18
standard	1	15
photo	3	18
standard	1	17
standard_hd	2	19
public_transport_hd	1	17
traffic_hd	1	18
standard_hd	6	14,19
standard	1	8
photo	1	11
standard_hd	1	19
standard	6	14,15,18,19
traffic	1	8
photo	1	11
standard_hd	1	14
standard	3	11,19,9
photo	1	19
standard_hd	3	15,19
traffic_hd	1	8
standard	4	15,19
traffic_hd	1	8
standard	1	11
photo	2	18
traffic	1	17
standard_hd	1	19
photo	1	18
standard_hd	2	19
traffic_hd	1	6
standard_hd	1	18
traffic_hd	1	6
traffic	1	17
standard_hd	1	18
photo	1	15
standard_hd	1	16
photo	2	15,6
standard_hd	4	15,17
standard	2	15,19
standard_hd	5	11,15,19
standard	2	14,18
photo	1	19
standard_hd	1	17
traffic	1	17
standard_hd	5	15,17,18,19
standard	3	14,16,6
standard_hd	1	15
standard	3	14,19
traffic	1	8
traffic_hd	1	18
standard	3	14,6
traffic_hd	1	18
standard_hd	1	14
standard	2	14
standard_hd	5	12,17
standard	2	16,19
traffic_hd	2	7
standard_hd	3	16
traffic	1	18
standard_hd	1	12
standard	2	17
standard_hd	4	12,16
standard	1	14
traffic_hd	1	18
standard	1	16
traffic_hd	1	8
standard	1	16
standard_hd	1	18
photo	1	18
standard_hd	2	14,18
photo	1	18
standard	2	14
standard_hd	1	19
traffic_hd	1	8
standard_hd	1	18
standard	2	14,17
traffic_hd	1	16
standard_hd	1	15
traffic_hd	1	12
standard_hd	4	15,16,18
photo	1	14
traffic_hd	1	16
standard_hd	2	15,18
photo	2	14
standard_hd	1	14
traffic_hd	1	11
standard_hd	2	16,17
standard	1	14
standard_hd	3	16,18,19
traffic_hd	1	16
standard_hd	1	7
photo	1	19
standard_hd	1	18
photo	1	19
hybrid	1	7
standard_hd	1	14
traffic_hd	2	11
standard_hd	1	14
photo	2	15
standard_hd	1	14
standard	1	14
standard_hd	3	14
photo	1	11
standard_hd	2	14,15
traffic_hd	1	16
standard	1	19
traffic	1	12
standard	1	16
traffic	1	12
traffic_hd	1	13
standard_hd	1	15
traffic	1	12
standard	2	19,9
standard_hd	2	15,19
traffic_hd	1	16
standard	3	14,18,19
standard_hd	1	16
standard	1	16
standard_hd	1	10
traffic	1	12
standard_hd	1	15
traffic_hd	1	16
standard_hd	3	10,15,17
standard	2	16,19
photo	1	18
standard	2	13,9
photo	1	19
hybrid	1	7
standard_hd	3	10,17
standard	1	16
traffic_hd	1	16
standard_hd	1	10
traffic_hd	1	16
standard	1	15
standard_hd	1	10
standard	1	19
traffic_hd	1	11
standard	1	15
traffic_hd	1	16
photo	3	11,17
standard_hd	1	10
standard	1	19
standard_hd	1	12
standard	4	14,19,5
standard_hd	1	17
traffic_hd	1	18
standard_hd	2	17
traffic_hd	1	16
standard	2	11,19
traffic_hd	1	16
photo	1	14
standard	1	11
standard_hd	1	12
traffic_hd	1	16
standard_hd	3	14,17,19
photo	2	12
standard	1	17
photo	1	17
standard	1	14
standard_hd	1	16
traffic_hd	1	16
standard	1	15
photo	2	17
standard_hd	2	14,18
traffic_hd	1	16
photo	2	17
traffic_hd	1	16
standard_hd	1	14
standard	1	19
traffic_hd	1	11
standard_hd	1	15
standard	1	12
standard_hd	1	14
traffic_hd	1	11
standard_hd	2	18
hybrid	1	7
standard_hd	3	13,14
traffic_hd	1	11
standard_hd	1	9
traffic_hd	2	11,12
photo	1	17
standard_hd	2	18,19
standard	3	11,12,19
standard_hd	3	14,18,19
standard	1	15
standard_hd	1	18
traffic_hd	1	18
standard	1	19
photo	1	18
traffic_hd	2	12,13
standard	1	11
traffic_hd	1	12
standard	1	14
traffic_hd	1	13
standard	1	19
photo	2	16,18
standard_hd	1	16
photo	1	17
standard_hd	1	17
traffic_hd	1	12
standard	1	15
standard_hd	1	16
photo	1	17
standard_hd	1	19
photo	1	19
traffic_hd	1	8
standard_hd	3	16,17,19
photo	1	19
traffic_hd	1	12
standard_hd	1	16
standard	1	15
standard_hd	3	16,17
traffic_hd	1	11
standard	2	15,18
standard_hd	3	16,17,19
photo	1	15
traffic_hd	2	8
photo	3	15,17
standard_hd	2	14,17
photo	1	17
traffic_hd	3	10,8
standard_hd	4	14,15
photo	1	15
standard_hd	2	14
standard	2	18,19
traffic_hd	1	19
standard_hd	1	19
standard	5	11,15,19
standard_hd	1	9
standard	3	15,19
traffic_hd	1	13
standard_hd	1	15
traffic_hd	1	13
standard	2	19
traffic_hd	1	13
standard	1	19
traffic_hd	1	13
standard	1	19
traffic_hd	1	12
standard	2	17
traffic_hd	2	12,13
standard	1	15
standard_hd	1	17
standard	3	15,17,18
traffic_hd	1	13
standard	1	17
photo	1	17
standard_hd	1	17
standard	1	15
photo	2	17
standard	3	15,19
traffic	1	9
traffic_hd	1	12
standard_hd	2	17
photo	1	18
standard	1	15
photo	1	18
traffic_hd	1	12
standard	1	15
traffic_hd	1	12
standard	1	15
traffic_hd	3	12,13
standard_hd	7	17,18,19
traffic_hd	1	14
standard_hd	2	11,17
traffic_hd	1	14
standard_hd	1	18
traffic_hd	1	12
traffic	3	19
photo	1	19
traffic_hd	1	12
standard_hd	2	13,19
photo	1	14
standard_hd	1	14
traffic_hd	2	12,14
photo	1	14
traffic_hd	3	12,15
standard	1	15
traffic_hd	1	12
photo	1	12
standard_hd	1	15
standard	2	16,17
traffic_hd	1	12
standard	4	15,17,18,19
standard_hd	1	18
photo	1	18
standard	5	14,17,19
traffic_hd	2	18,7
traffic	1	18
standard	1	11
standard_hd	2	11,18
standard	1	17
standard_hd	5	14,16,18
photo	1	19
standard_hd	3	14,16
standard	5	16,19,5
standard_hd	2	15,16
standard	1	17
standard_hd	3	11,16,18
standard	2	19
traffic_hd	1	18
standard	1	19
traffic_hd	1	15
standard	1	19
traffic_hd	1	8
photo	2	11,19
standard_hd	1	16
photo	1	11
standard	2	12,19
standard_hd	1	18
standard	1	19
traffic_hd	1	15
standard	2	11,15
traffic_hd	1	18
standard_hd	1	18
standard	1	19
standard_hd	1	18
traffic_hd	1	13
standard_hd	1	16
traffic_hd	1	13
standard_hd	2	16,9
standard	1	19
standard_hd	3	17,19
standard	1	12
traffic_hd	1	12
standard	1	16
standard_hd	3	15,18
photo	1	11
standard	1	18
standard_hd	2	15,18
traffic_hd	1	8
standard_hd	6	14,17
photo	1	17
standard_hd	3	14,19
traffic_hd	1	13
standard	1	19
standard_hd	1	18
standard	1	19
traffic_hd	1	8
photo	1	17
traffic_hd	1	13
standard_hd	2	10
traffic_hd	1	18
standard	1	8
standard_hd	3	10,18
standard	1	17
standard_hd	1	10
standard	1	17
traffic_hd	1	13
standard	1	17
photo	1	11
standard	1	17
standard_hd	2	14,8
standard	1	9
standard_hd	2	15,8
traffic_hd	1	13
standard_hd	1	16
standard	2	13,19
standard_hd	1	15
standard	1	19
standard_hd	1	15
photo	1	14
standard_hd	1	15
photo	2	19
standard	1	7
traffic_hd	1	13
standard_hd	1	15
photo	1	19
standard_hd	1	15
standard	1	18
photo	1	11
standard_hd	1	18
traffic	1	18
standard_hd	1	18
traffic	1	9
photo	2	11,19
standard_hd	1	14
standard	1	18
photo	1	19
traffic_hd	1	13
standard_hd	1	15
standard	1	19
standard_hd	1	15
photo	1	16
standard_hd	4	15,19
standard	3	16,19
standard_hd	1	19
photo	1	19
standard_hd	2	19
traffic_hd	1	13
standard	3	18,19
standard_hd	1	16
standard	2	13,19
standard_hd	1	17
public_transport_hd	1	17
photo	1	17
public_transport_hd	1	17
standard_hd	1	11.961927346784938
standard	2	13,19
traffic_hd	1	15
standard_hd	2	11.805732443883848,18
traffic_hd	1	17
standard	2	12,19
photo	1	16
standard_hd	1	18
traffic_hd	1	12
photo	1	16
standard_hd	1	18
standard	1	19
standard_hd	1	18
photo	1	11
traffic_hd	1	12
standard_hd	1	18
traffic_hd	1	12
standard_hd	1	11.395238594346838
traffic_hd	1	13
standard	1	19
standard_hd	1	14
traffic_hd	1	15
standard_hd	4	13,14
standard	3	18,19
traffic_hd	1	12
standard_hd	3	10,13
photo	2	18
standard_hd	1	13
standard	1	19
traffic_hd	1	15
standard_hd	1	18
traffic_hd	1	18
standard_hd	2	13
traffic_hd	1	17
standard_hd	1	18
standard	1	18
standard_hd	2	18
photo	1	19
standard	2	18
traffic_hd	1	18
standard_hd	1	18
standard	1	18
standard_hd	1	18
photo	1	11
standard_hd	1	15
traffic_hd	1	18
standard_hd	1	18
photo	1	17
standard_hd	1	18
photo	1	17
traffic	1	19
standard_hd	1	17
photo	2	18,19
traffic	1	19
traffic_hd	1	18
standard	1	19
traffic	1	19
standard_hd	1	16
photo	2	19
traffic_hd	1	12
standard_hd	1	16
photo	2	17,18
standard_hd	1	17
photo	2	17
standard	1	16
photo	1	17
standard	1	16
standard_hd	1	16
photo	6	16,17,19
standard_hd	2	15,17
photo	2	16
traffic_hd	1	9
photo	1	17
traffic_hd	1	18
photo	4	16,18,19
standard	2	16
photo	2	16,17
traffic_hd	1	11
standard_hd	2	15,17
traffic_hd	1	18
standard_hd	1	12.420129185082974
traffic_hd	1	12
standard	1	16
standard_hd	1	15
traffic	1	14
traffic_hd	1	11
standard_hd	1	15
standard	1	16
traffic_hd	1	18
standard_hd	2	15
traffic_hd	1	12
standard	1	15
standard_hd	1	15
photo	4	11,17,18
traffic_hd	1	12
standard	1	14
standard_hd	2	14,15
standard	1	14
standard_hd	2	11,14
standard	1	15
standard_hd	1	14
standard	1	14
standard_hd	1	14
standard	1	17
standard_hd	4	10,14,19
traffic_hd	1	19
standard	1	17
standard_hd	1	16
standard	1	15
traffic_hd	1	9
standard	2	16
public_transport_hd	1	17
standard_hd	1	19
traffic_hd	1	9
standard	1	16
traffic_hd	2	12,19
standard	2	13,17
photo	1	17
traffic_hd	1	14
photo	1	18
public_transport_hd	1	17
standard	1	16
public_transport_hd	1	17
traffic_hd	1	19
standard	2	17
standard_hd	1	18
standard	1	17
standard_hd	1	12
photo	3	17
standard_hd	2	16
standard	1	19
traffic_hd	1	8
standard	1	16
traffic_hd	4	12,13,19,8
standard_hd	2	12,18
standard	1	14
standard_hd	1	18
standard	1	8
public_transport_hd	1	17
standard	1	15
traffic_hd	2	8
photo	1	17
standard	2	15
traffic_hd	5	10,14,8
standard	1	16
traffic_hd	1	8
standard_hd	2	14,16
traffic_hd	1	10
standard_hd	4	10,19,5
traffic_hd	1	19
standard_hd	2	10,16
traffic_hd	2	11,19
standard_hd	1	16
standard	1	17
photo	1	17
standard	3	17,19
photo	1	18
standard_hd	1	16
photo	1	18
standard_hd	2	14
photo	4	18
traffic_hd	1	9
standard_hd	1	11
photo	1	18
standard_hd	3	11,17
photo	3	17
standard_hd	2	12,17
standard	1	14
standard_hd	1	12
standard	1	19
standard_hd	1	15
photo	1	17
standard_hd	1	17
photo	1	17
standard	1	14
photo	2	17
standard	1	16
photo	2	17
standard_hd	1	17
photo	2	17
standard_hd	1	17
standard	2	18,19
traffic_hd	1	17
standard_hd	2	15,17
photo	1	19
traffic_hd	1	13
standard_hd	2	11,16
traffic_hd	1	17
photo	1	11
standard_hd	1	13
traffic_hd	1	13
standard	1	14
photo	2	11
standard	1	17
traffic_hd	2	17,7
standard	2	19
traffic_hd	1	17
standard	1	19
photo	1	18
traffic_hd	1	13
standard_hd	1	18
traffic_hd	1	13
standard	2	12
photo	1	11
standard_hd	1	8
standard	1	17
standard_hd	2	17
standard	4	17
standard_hd	1	17
photo	1	12
standard_hd	1	12
traffic_hd	1	18
standard_hd	1	16
standard	2	19
photo	2	18
standard	4	12,15,18,19
photo	1	18
standard_hd	1	19
traffic_hd	1	12
standard_hd	2	18
traffic_hd	1	18
standard_hd	1	19
standard	2	15
photo	2	18
traffic_hd	1	17
standard_hd	3	17,19
traffic_hd	1	11
standard_hd	1	14
photo	1	17
standard_hd	1	19
photo	1	17
standard_hd	1	17
photo	1	14
standard	1	15
standard_hd	1	17
standard	2	12,19
standard_hd	1	17
photo	1	17
standard_hd	1	10
photo	1	17
standard_hd	1	10
standard	1	18
standard_hd	1	10
photo	1	18
standard_hd	2	10
standard	1	19
traffic_hd	1	15
standard	1	17
standard_hd	1	16
traffic_hd	1	9
standard	3	17
standard_hd	2	17,19
photo	2	18
standard	1	17
standard_hd	1	16
standard	3	16,17,19
standard_hd	3	16,17,18
traffic_hd	1	15
standard	1	19
standard_hd	2	16
standard	1	19
photo	1	13
standard	1	17
traffic	1	11
standard	1	16
traffic_hd	1	14
traffic	1	11
standard_hd	1	16
traffic	2	11
standard_hd	5	13,19
standard	1	19
standard_hd	2	17
standard	1	15
standard_hd	2	12,19
standard	1	17
traffic_hd	1	9
standard_hd	1	13
standard	1	17
standard_hd	4	13
standard	2	17
traffic_hd	1	8
standard	2	17,19
standard_hd	4	13
standard	1	14
standard_hd	4	13,17,18
standard	2	19
standard_hd	4	14,15,17
standard	2	18
standard_hd	5	13,15,17,8
traffic_hd	1	12
standard_hd	1	17
traffic	1	17
standard	1	19
traffic	1	17
traffic_hd	1	16
traffic	5	17
traffic_hd	1	16
photo	1	16
traffic_hd	1	18
standard_hd	1	17
standard	3	12,17,19
standard_hd	1	18
standard	1	17
photo	1	4
standard_hd	3	17
standard	1	19
photo	1	4
standard_hd	1	5
traffic_hd	1	6
standard_hd	3	14,17
photo	1	11
standard_hd	2	17
standard	1	19
standard_hd	1	17
traffic_hd	1	9
standard_hd	1	17
photo	1	16
traffic_hd	1	15
standard_hd	6	14,17,19
photo	1	16
traffic_hd	1	16
standard_hd	3	17,18,19
traffic_hd	1	8
standard	9	14,15,16,18
traffic_hd	1	11
standard_hd	1	16
traffic_hd	1	11
standard_hd	1	11
traffic_hd	1	14
standard_hd	1	15
traffic_hd	1	15
photo	1	5
traffic	1	12
photo	1	18
traffic	1	12
standard	1	16
photo	1	19
standard_hd	2	14,16
photo	1	18
standard_hd	1	18
photo	1	19
standard	1	18
standard_hd	1	18
traffic_hd	1	15
photo	1	18
standard_hd	3	14,17,19
standard	2	12,19
standard_hd	1	19
standard	2	15,16
standard_hd	6	12,16,18,19
standard	2	15,16
standard_hd	3	16,19
standard	2	16
standard_hd	3	16,18,19
photo	1	18
traffic_hd	1	11
photo	1	18
standard_hd	1	16
standard	1	19
standard_hd	4	10,16
traffic	1	16.974576255320574
photo	1	11
standard	1	13
traffic_hd	1	13
standard_hd	1	14
standard	1	16
traffic_hd	1	9
standard_hd	3	15,16
traffic_hd	1	16
standard	1	17
standard_hd	1	14
standard	1	17
standard_hd	1	15
standard	1	17
standard_hd	8	14,15,16,19
standard	1	18
standard_hd	1	14
standard	1	18
standard_hd	1	15
standard	1	18
standard_hd	1	18
traffic_hd	1	13
standard	2	15,18
standard_hd	1	17
photo	1	16
traffic_hd	1	14
standard	2	16,19
standard_hd	2	15,18
photo	2	16
traffic_hd	2	11,13
standard_hd	1	13
standard	1	17
photo	1	17
standard_hd	1	19
standard	1	19
photo	2	17
standard	1	15
standard_hd	5	13,17,18,19
standard	1	17
traffic_hd	1	11
standard_hd	1	15
standard	1	19
standard_hd	1	13
standard	1	18
standard_hd	1	17
standard	2	19
standard_hd	1	15
standard	1	18
standard_hd	1	19
standard	2	18
traffic_hd	1	11
standard_hd	1	12
traffic_hd	1	14
standard	1	18
standard_hd	3	13,15,16
standard	1	15
standard_hd	1	13
standard	1	18
standard_hd	8	13,15,17,19
traffic_hd	1	14
standard	1	19
standard_hd	2	17,19
traffic_hd	1	11
standard_hd	4	17,19
photo	1	18
standard_hd	1	19
traffic_hd	1	19
standard_hd	5	13,15,19,5
traffic_hd	1	12
standard	1	14
standard_hd	4	15,18,19
traffic_hd	1	11
standard_hd	3	10,18
standard	1	18
standard_hd	1	10
traffic_hd	2	19,9
standard_hd	1	19
standard	3	14,15
standard_hd	1	19
standard	1	19
photo	1	18
standard	2	14
traffic	2	15
standard_hd	2	15,19
standard	2	18
standard_hd	1	17
photo	1	15
standard_hd	4	15,17,19
photo	1	18
standard_hd	1	17
traffic_hd	2	12
standard_hd	1	17
traffic_hd	1	11
photo	1	16
standard	1	16
standard_hd	1	19
photo	1	19
standard_hd	12	12,17,19
standard	1	8
photo	2	18
traffic_hd	1	12
standard	1	15
traffic_hd	1	12
standard	1	14
traffic_hd	1	14
standard	2	16,18
traffic_hd	1	12
standard_hd	1	12
traffic_hd	1	12
standard	2	14,18
traffic_hd	1	13
standard	2	19,9
photo	1	14
traffic_hd	1	10
standard_hd	2	13,18
traffic_hd	1	9
photo	1	18
traffic_hd	2	13
standard	3	14,16,18
standard_hd	1	18
photo	1	19
traffic	1	12
standard_hd	1	17
traffic_hd	1	14
standard_hd	2	16,18
traffic_hd	1	9
standard_hd	1	16
standard	1	11
standard_hd	1	16
standard	1	11
standard_hd	2	16,19
traffic_hd	1	13
standard	1	16
traffic	1	12
traffic_hd	1	13
standard_hd	2	14,16
traffic	1	12
standard_hd	3	14
traffic	1	12
standard	1	18
standard_hd	6	14,16,18
traffic_hd	1	13
photo	2	16
traffic_hd	1	13
photo	3	16
standard	1	17
standard_hd	1	18
traffic	1	12
standard_hd	2	14,18
standard	1	19
standard_hd	1	17
standard	1	18
standard_hd	1	17
standard	1	19
standard_hd	2	14
standard	1	19
photo	1	12
standard_hd	1	18
standard	1	19
standard_hd	1	18
standard	1	16
standard_hd	3	12,17
standard	1	17
standard_hd	1	17
photo	1	12
standard_hd	2	17
photo	2	12
standard	1	17
standard_hd	2	14
photo	1	18
standard_hd	1	14
photo	1	18
traffic_hd	1	8
standard	1	17
standard_hd	1	17
standard	1	12
photo	1	17
standard_hd	1	14
photo	3	18
traffic_hd	1	8
standard_hd	1	17
standard	1	15
photo	1	18
standard	1	16
standard_hd	2	14,17
standard	1	15
standard_hd	1	12
standard	1	19
photo	1	18
standard_hd	1	12
traffic_hd	1	13
standard_hd	2	12,14
traffic_hd	1	13
standard_hd	1	18
traffic_hd	1	13
standard_hd	4	12,18,9
traffic_hd	1	12
standard	1	7
photo	3	13
traffic	1	11
standard	3	14,16,18
traffic	1	11
photo	1	18
traffic_hd	1	12
standard_hd	1	12
standard	6	11,17,18,7,9
photo	2	16
standard_hd	2	12,16
standard	1	17
traffic_hd	1	12
standard	1	16
traffic_hd	1	13
standard	1	19
traffic	1	5
standard	2	16,18
photo	1	13
standard	3	18,19,6
traffic_hd	1	12
standard	1	17
standard_hd	1	17
standard	1	18
traffic_hd	1	12
standard	1	9
photo	1	16
traffic	1	13
standard_hd	1	12
standard	1	19
traffic_hd	1	12
standard	2	16,18
traffic	1	13
standard	1	16
traffic	2	11,13
standard_hd	5	10,12,19
traffic_hd	1	12
standard	1	19
standard_hd	1	13
standard	2	18
standard_hd	1	16
standard	1	17
photo	1	19
standard	1	18
standard_hd	3	12,16
standard	1	18
standard_hd	2	14,16
standard	2	14,17
standard_hd	6	14,16,18,19
standard	1	19
standard_hd	1	16
standard	1	16
traffic	1	11
standard	2	16
standard_hd	1	7
photo	1	14
standard	3	14,16
standard_hd	4	16,19,8
traffic_hd	1	12
standard_hd	1	19
photo	1	19
standard_hd	1	18
photo	1	19
traffic_hd	1	12
standard	1	19
standard_hd	4	15,16,5
standard	1	17
traffic_hd	1	12
standard_hd	1	13
photo	1	18
standard	1	19
photo	1	13
standard_hd	1	16
standard	1	16
photo	1	11
standard_hd	1	13
photo	3	13
traffic_hd	1	12
photo	1	16
standard	1	12
photo	4	16
standard_hd	2	11,13
standard	1	19
standard_hd	2	17
traffic_hd	2	13
photo	1	18
standard	1	19
photo	2	18
standard_hd	1	17
standard	2	19
standard_hd	1	13
photo	1	18
standard_hd	1	13
traffic_hd	4	12,13,8
standard_hd	1	11
standard	2	14,18
standard_hd	3	17,19
standard	1	11
photo	1	19
standard	1	8
standard_hd	3	11
traffic_hd	1	14
standard_hd	2	11,17
standard	1	11
traffic_hd	1	14
standard_hd	1	11
standard	2	11,14
standard_hd	3	13,17,18
traffic_hd	1	12
standard_hd	3	11,13,19
traffic_hd	1	14
photo	1	13
traffic_hd	2	14
standard	2	18
standard_hd	1	17
standard	3	18
standard_hd	1	9
standard	1	18
standard_hd	1	9
standard	1	18
traffic_hd	1	9
standard_hd	1	17
standard	5	11,14,15,6
standard_hd	1	17
standard	1	18
standard_hd	1	16
standard	1	14
traffic_hd	1	13
standard_hd	1	19
standard	3	14,16
standard_hd	1	13.27149872558169
traffic_hd	2	15
photo	2	16
traffic_hd	2	15
photo	3	15,16
standard	1	18
traffic_hd	1	12
standard	1	15
traffic_hd	3	13,8
standard	5	14,18
traffic_hd	2	15
standard	1	16
standard_hd	2	19
standard	4	15,16,18,8
traffic_hd	1	18
standard_hd	1	17
standard	1	19
traffic_hd	1	15
standard	2	18,19
traffic	1	17
standard	1	11
traffic	1	11
standard	4	15,16,17,19
photo	2	15
standard	4	15,16,18,19
standard_hd	1	11
photo	1	13
standard	4	15,19,5
standard_hd	1	5
photo	1	19
standard	3	17
standard_hd	9	11,13,15,16,18
traffic_hd	1	14
standard_hd	1	10
standard	2	11,19
standard_hd	1	19
photo	1	16
traffic_hd	1	14
standard_hd	3	12,19
photo	1	16
traffic	1	18
standard_hd	1	12
traffic	2	18
standard	2	11
standard_hd	1	17
standard	1	17
traffic	1	18
standard_hd	1	18
standard	1	19
traffic	1	18
standard_hd	2	17
traffic	1	18
standard	1	16
standard_hd	1	18
standard	2	16
traffic	1	18
standard	1	10
standard_hd	1	19
standard	4	14,17,19
standard_hd	3	15
standard	2	17,19
standard_hd	1	15
standard	1	17
standard_hd	1	15
photo	2	12
standard_hd	1	16
photo	1	19
standard	1	19
photo	2	19
standard_hd	1	16
standard	1	11
standard_hd	3	11,16,19
standard	1	19
standard_hd	1	16
traffic_hd	1	12
standard_hd	1	17
standard	1	14
standard_hd	1	17
standard	4	14,18
photo	2	18
standard	4	10,15,18
photo	1	18
standard_hd	1	5
standard	1	18
standard_hd	2	16,17
standard	1	14
standard_hd	7	12,16,17
photo	1	12
public_transport_hd	2	18
standard_hd	3	12,17
standard	1	18
standard_hd	3	12,18
standard	2	18,19
traffic_hd	1	10
standard_hd	2	12,19
standard	4	14,15,18,19
traffic_hd	1	10
standard_hd	1	17
standard	1	19
public_transport_hd	1	18
standard_hd	2	18
standard	1	19
photo	1	14
standard	1	15
traffic_hd	1	11
standard	4	15,16,18,19
photo	1	17
standard	1	15
standard_hd	1	19
standard	2	14,15
photo	1	16
traffic_hd	2	13
photo	1	16
traffic_hd	1	13
photo	1	16
standard	1	17
public_transport_hd	1	18
standard	1	16
standard_hd	1	18
standard	1	18
photo	1	16
traffic_hd	1	11
standard	2	18,19
traffic_hd	1	18
standard_hd	1	17
standard	2	18,19
standard_hd	1	11
standard	1	18
standard_hd	3	11,18,19
traffic_hd	1	18
standard_hd	2	17,18
traffic_hd	1	15
standard	2	11,19
traffic_hd	2	13,18
standard	4	14,18
traffic_hd	1	13
standard_hd	1	15
traffic_hd	1	18
standard	1	18
traffic_hd	1	14
standard	1	14
standard_hd	1	15
traffic_hd	4	15,16,9
photo	4	12
standard	1	10
standard_hd	1	13
traffic_hd	1	11
public_transport_hd	1	18
traffic_hd	9	11,15,16,9
standard_hd	1	15
photo	1	18
standard_hd	1	19
traffic_hd	1	11
standard_hd	1	15
photo	1	18
standard_hd	1	15
standard	1	14
photo	1	18
standard_hd	1	18
traffic_hd	1	11
standard	2	19,6
standard_hd	1	15
traffic_hd	2	13,16
standard	1	19
standard_hd	1	18
traffic_hd	1	13
photo	1	18
standard_hd	1	19
traffic_hd	1	9
photo	3	13,18
traffic_hd	2	12,9
standard_hd	1	14
public_transport_hd	1	18
standard	3	19
traffic_hd	1	9
standard_hd	2	14,17
standard	2	15,19
standard_hd	1	14
photo	1	16
standard	1	19
photo	1	16
standard	2	19
photo	1	18
standard	6	14,15,16,17,19
public_transport_hd	1	18
standard	2	14,16
public_transport_hd	1	18
photo	1	18
standard_hd	2	12
photo	5	18
traffic	1	8
standard	2	14,19
traffic_hd	2	13
standard	1	14
standard_hd	1	16
traffic_hd	1	13
standard	2	14,19
standard_hd	2	16
standard	1	9
standard_hd	1	16
standard	1	19
standard_hd	1	19
photo	2	17
standard	1	19
standard_hd	1	14
standard	1	19
standard_hd	3	18,19
standard	1	11
standard_hd	3	15,17
traffic_hd	1	13
standard	1	19
standard_hd	1	15
standard	3	15,19
standard_hd	1	19
standard	1	15
standard_hd	3	15,19
photo	2	15,16
standard	1	15
standard_hd	1	15
photo	1	16
standard_hd	1	16
photo	2	16
standard_hd	3	12,16
traffic_hd	1	15
standard	1	14
standard_hd	1	19
standard	1	15
photo	1	19
standard	1	19
traffic_hd	1	10
photo	1	16
standard	3	14,16
photo	1	13
standard	1	19
standard_hd	1	12
traffic_hd	1	8
standard_hd	1	12
traffic_hd	3	13,15
photo	1	19
standard	1	19
traffic	1	8
photo	2	19
traffic_hd	1	13
photo	1	19
standard	3	15,19
standard_hd	1	16
standard	5	15,19
traffic_hd	2	13
standard	1	19
traffic_hd	1	13
standard	2	12,17
standard_hd	1	18
traffic_hd	1	8
standard	3	17,19
traffic_hd	1	13
standard_hd	2	17,18
standard	1	12
photo	2	19
standard	1	15
standard_hd	1	17
traffic_hd	1	13
photo	1	15
standard_hd	1	16
traffic_hd	1	15
standard_hd	1	18
standard	4	12,19
traffic_hd	1	13
standard_hd	1	18
photo	1	18
standard	1	19
photo	2	13,15
traffic_hd	1	8
standard_hd	4	14,16,17
standard	1	19
standard_hd	1	12
standard	1	15
standard_hd	2	14,17
hybrid	1	15
standard	1	18
standard_hd	3	17
photo	1	19
standard_hd	1	11
standard	2	18,19
standard_hd	1	11
standard	1	12
standard_hd	1	11
standard	2	15,17
standard_hd	2	17,18
photo	1	18
standard	2	19
photo	1	16
standard_hd	1	17
photo	3	16,18
standard	1	19
photo	4	15,16
standard_hd	1	19
photo	1	18
standard	1	5
traffic_hd	1	13
standard	1	17
standard_hd	3	15,19
hybrid	1	15
standard	3	19,6
standard_hd	1	14
standard	1	11
standard_hd	1	19
photo	1	11
standard	5	15,19
standard_hd	1	11
standard	1	15
traffic_hd	2	13,18
standard	2	14,19
traffic	1	18
traffic_hd	1	11
photo	2	19
standard	1	5
traffic	1	14
standard_hd	1	18
traffic	2	14,18
standard	1	15
traffic_hd	2	14
traffic	1	12
standard	1	13
traffic	1	12
standard	1	19
photo	1	19
traffic	1	12
photo	1	19
standard	1	19
traffic	1	12
standard	1	17
traffic_hd	1	13
traffic	1	18
standard	4	15,18,3
standard_hd	2	17,18
traffic	4	13
standard_hd	2	16,18
traffic_hd	1	14
standard_hd	4	12,18
standard	1	12
photo	2	16,18
standard	1	12
standard_hd	2	18
standard	1	19
traffic_hd	1	13
standard_hd	1	18
photo	1	17
traffic_hd	1	12
photo	1	17
standard_hd	1	18
standard	1	16
photo	1	17
standard_hd	1	18
photo	1	19
traffic	1	16
standard	1	11
standard_hd	1	18.439120862383977
standard	1	17
standard_hd	1	16
traffic_hd	1	17
standard_hd	1	16
traffic_hd	1	11
photo	1	18
standard_hd	1	17
photo	4	16,18
traffic_hd	2	14,15
photo	1	19
standard_hd	1	11
photo	1	19
traffic_hd	2	11,15
standard_hd	1	16
standard	2	15,19
standard_hd	1	11
standard	1	19
standard_hd	1	16
standard	2	5,9
hybrid	1	15
standard	1	18
standard_hd	2	12,15
standard	3	14,19
hybrid	1	15
standard	1	14
photo	1	18
standard_hd	1	15
photo	1	19
standard	1	17
photo	1	19
standard	1	19
standard_hd	1	16
traffic_hd	1	12
standard	8	15,17
standard_hd	1	18
hybrid	1	15
standard	3	15,17
photo	1	18
standard	1	14
photo	1	18
standard_hd	1	18
standard	1	19
standard_hd	5	17,18,19
standard	1	19
standard_hd	1	19
traffic_hd	1	8
standard_hd	2	19
photo	4	16,18
standard_hd	2	13,19
photo	1	16
standard_hd	1	19
standard	1	19
photo	2	16,18
standard_hd	1	12
standard	1	19
standard_hd	4	17,19
photo	2	16,19
standard_hd	7	12,17,19
standard	1	15
standard_hd	1	12
standard	1	19
standard_hd	1	12
photo	1	16
standard_hd	1	12
photo	2	16
standard_hd	1	12
photo	1	19
standard_hd	1	12
standard	1	19
traffic_hd	1	15
standard_hd	1	12
traffic_hd	3	16
standard	1	14
traffic_hd	1	16
standard_hd	3	18,8
traffic_hd	1	8
photo	2	17
traffic	2	19
photo	1	17
traffic_hd	1	6
photo	1	17
standard	1	17
traffic_hd	1	6
standard_hd	1	12
traffic	1	17
photo	4	17,19
standard	1	18
traffic_hd	2	17
photo	1	17
standard	1	18
traffic_hd	3	17,8
standard	4	12,14,15,19
standard_hd	1	18
standard	7	14,18,19
standard_hd	1	18
photo	2	17,19
standard	1	17
standard_hd	1	18
standard	1	19
photo	2	17,19
standard_hd	2	18
photo	2	17
standard_hd	1	18
standard	3	17,18,19
hybrid	1	17
standard_hd	2	15,18
photo	2	12,18
standard_hd	2	15,18
hybrid	1	17
standard	2	17,19
hybrid	1	17
standard_hd	2	17
hybrid	1	17
photo	1	18
standard	1	15
hybrid	1	17
standard	1	17
hybrid	2	17
standard_hd	2	15,18
traffic_hd	1	18
public_transport_hd	1	16
traffic_hd	1	18
standard_hd	1	18
photo	1	18
standard_hd	1	18
photo	1	18
standard_hd	1	18
standard	3	15,17,19
standard_hd	1	12
photo	1	18
standard	1	17
photo	2	18
standard_hd	3	17,18,19
traffic_hd	1	8
standard_hd	1	11
standard	1	19
standard_hd	2	17,18
standard	3	15,19
photo	1	18
standard	1	15
standard_hd	4	18
standard	1	15
standard_hd	1	17
traffic_hd	1	10
standard_hd	3	14,17,18
traffic	1	18
standard	2	17,18
traffic_hd	1	15
standard	1	17
standard_hd	1	18
photo	6	12,19
traffic_hd	1	18
photo	2	19
traffic_hd	1	15
photo	3	16
standard	3	12,13,17
hybrid	1	17
traffic_hd	1	13
standard	1	13
standard_hd	1	16
standard	1	18
photo	1	16
hybrid	1	17
standard_hd	1	16
hybrid	1	17
photo	1	19
standard	1	14
traffic_hd	1	17
photo	2	17,19
standard_hd	1	16
public_transport_hd	1	15
standard_hd	2	11,18
photo	1	17
standard_hd	2	11,16
photo	1	16
standard_hd	1	16
standard	2	11,19
photo	1	19
standard	1	19
photo	1	16
standard	4	18,19
standard_hd	1	17
hybrid	1	17
photo	1	16
standard_hd	5	16,17
standard	1	15
traffic_hd	1	12
standard_hd	2	17
standard	1	19
standard_hd	2	16,17
standard	2	13,17
standard_hd	1	13
standard	2	18,19
standard_hd	3	16,17,18
traffic_hd	1	11
standard_hd	2	17
standard	1	18
standard_hd	1	17
traffic_hd	1	18
standard	1	15
traffic_hd	1	18
standard	1	10
standard_hd	2	17
traffic_hd	1	18
standard_hd	1	17
standard	2	19
traffic_hd	1	17
standard_hd	1	17
traffic_hd	1	18
standard_hd	1	11
standard	1	13
standard_hd	2	14,17
standard	1	15
standard_hd	2	14,19
standard	1	17
standard_hd	1	18
standard	1	16
standard_hd	1	18
standard	1	19
standard_hd	1	15
traffic_hd	1	18
standard	4	15,19
standard_hd	1	14
traffic_hd	1	12
traffic	1	10
photo	4	19
standard_hd	1	15
standard	1	18
standard_hd	2	16,17
traffic_hd	1	13
photo	3	16,19
standard	1	17
photo	2	16
standard	2	16,17
standard_hd	1	17
photo	1	16
standard	1	18
standard_hd	1	17
standard	1	18
standard_hd	1	13
standard	1	10
photo	1	14
standard_hd	1	9
traffic_hd	2	15,8
standard	1	19
traffic_hd	1	11
standard	1	19
traffic_hd	1	11
photo	1	11
standard	4	17,18,19
standard_hd	2	13,16
standard	1	18
traffic_hd	1	9
photo	1	18
standard_hd	2	16
photo	2	18
standard	1	18
standard_hd	1	16
traffic_hd	1	11
standard_hd	1	16
traffic_hd	1	9
photo	2	17
standard_hd	1	16
traffic_hd	1	11
standard_hd	1	16
traffic_hd	1	11
standard_hd	2	16
standard	1	18
traffic_hd	1	9
photo	1	19
standard_hd	1	16
traffic_hd	1	9
standard_hd	1	16
standard	2	12
traffic_hd	1	18
standard_hd	1	16
standard	1	19
photo	1	19
standard	1	17
traffic_hd	1	13
standard_hd	2	16,19
standard	1	17
photo	1	19
standard	1	19
standard_hd	1	16
standard	1	14
standard_hd	5	11,16,17
standard	4	15,16,17,19
standard_hd	1	8
standard	2	16
standard_hd	1	17
standard	3	16,19
traffic	1	7
standard_hd	1	12
traffic	1	11
photo	1	7
standard_hd	1	12
traffic	2	12,7
standard_hd	1	18
traffic	1	7
traffic_hd	1	9
traffic	1	12
standard_hd	1	18
traffic	1	12
photo	2	19
standard_hd	3	12
traffic	1	7
traffic_hd	1	17
standard_hd	1	12
traffic_hd	1	8
photo	1	19
standard	5	18
standard_hd	2	16,17
standard	1	18
standard_hd	2	17.830861853571946,9
standard	1	18
standard_hd	1	13
standard	1	15
standard_hd	3	13,17
standard	3	15,19
standard_hd	2	17
standard	1	15
standard_hd	1	17
photo	2	19
standard_hd	1	16
traffic	1	16
standard_hd	1	15
standard	1	19
standard_hd	1	17
standard	1	15
standard_hd	1	13
standard	1	19
traffic_hd	1	8
standard_hd	3	15,16
traffic_hd	1	9
standard_hd	1	15
photo	1	18
standard_hd	1	15
photo	1	19
standard	1	18
standard_hd	2	12,17
hybrid	1	7
photo	1	19
standard	1	14
hybrid	1	7
standard_hd	1	17
photo	2	19
standard_hd	1	17
photo	1	18
standard	1	12
standard_hd	1	10
traffic_hd	1	9
standard_hd	1	17
photo	1	15
standard_hd	1	17
photo	1	19
standard_hd	3	17
traffic_hd	1	15
standard	1	14
standard_hd	1	17
photo	1	17
standard_hd	1	18
photo	1	18
standard_hd	5	11,17,19
traffic_hd	2	12,15
standard_hd	2	17
traffic	1	10
standard	2	19
photo	1	19
traffic	1	10
photo	1	19
standard	1	19
traffic_hd	1	15
standard	1	14
photo	1	16
standard_hd	5	12,16,17
standard	1	14
standard_hd	2	16,17
standard	1	19
traffic_hd	1	15
standard_hd	11	16,17,19
traffic_hd	1	15
standard_hd	2	17,19
standard	1	19
photo	1	17
standard_hd	1	19
photo	1	17
standard_hd	2	19
traffic	1	7
photo	1	19
standard_hd	1	19
standard	1	14
standard_hd	6	16,18,19
photo	1	19
standard_hd	1	16
standard	1	15
standard_hd	1	17
standard	1	15
traffic	3	12
standard_hd	3	16,18,19
standard	1	11
standard_hd	2	19
traffic_hd	1	14
photo	1	17
standard_hd	7	16,17,19,9
photo	1	16
standard_hd	8	13,16,17,19,5,9
standard	1	19
standard_hd	1	13
standard	1	19
standard_hd	6	12,17,19,5
photo	1	12
standard	1	14
standard_hd	1	19
photo	2	18
standard_hd	1	19
traffic_hd	1	18
standard_hd	1	19
photo	1	19
standard	1	14
standard_hd	2	18,19
standard	2	16,19
photo	1	15
traffic_hd	1	18
standard	2	19
traffic	3	10,7
photo	1	19
standard	1	19
standard_hd	1	14
photo	2	18
traffic	1	15
standard	1	19
standard_hd	1	13
standard	3	19,8
traffic_hd	2	10,18
standard	1	19
photo	1	19
standard	1	16
traffic_hd	1	18
standard_hd	2	11,18
standard	1	19
photo	1	19
traffic_hd	1	18
photo	3	15,17
standard	1	12
photo	2	17
standard_hd	1	17
photo	2	16
traffic_hd	1	8
standard_hd	1	5
standard	1	12
standard_hd	1	12
traffic_hd	1	11
photo	1	19
traffic_hd	1	18
standard	5	14,17,19
traffic_hd	1	14
standard	1	12
photo	2	16
traffic_hd	2	14,15
photo	2	16
standard_hd	1	18
standard	1	14
standard_hd	1	16
standard	1	19
standard_hd	5	18,19
traffic_hd	2	11,7
standard	1	19
photo	1	8
standard	2	16,19
standard_hd	1	18
standard	2	19
photo	3	15,8
traffic_hd	1	16
standard_hd	2	18
photo	1	8
hybrid	1	8
standard_hd	1	10
standard	1	19
standard_hd	2	10,18
traffic_hd	1	11
standard_hd	1	10
standard	1	19
photo	1	19
standard_hd	1	11
photo	3	19
standard_hd	1	12
hybrid	1	8
standard	1	14
standard_hd	1	16
standard	1	14
standard_hd	2	11,18
hybrid	1	8
standard_hd	2	11,12
photo	1	19
standard	1	12
traffic_hd	2	17,8
standard_hd	1	16
standard	1	12
traffic_hd	1	8
standard_hd	2	12,17
photo	3	16
standard_hd	1	16
photo	2	16
standard_hd	2	16,17
traffic	1	11
standard	2	11,19
traffic_hd	1	12
photo	1	17
standard	1	19
standard_hd	1	17
standard	3	11,19
standard_hd	1	16
photo	1	19
standard	2	17,19
standard_hd	1	16
standard	2	19
standard_hd	1	18
standard	1	19
standard_hd	3	15,17,18
standard	2	13,19
standard_hd	1	16
standard	5	19
standard_hd	2	15,16
standard	1	15
standard_hd	1	16
standard	1	19
traffic_hd	1	17
photo	1	19
standard_hd	1	16
photo	1	19
standard_hd	1	16
photo	1	8
standard	1	19
traffic	3	13
standard	2	19
traffic	1	13
standard_hd	2	16,18
traffic	2	13
standard_hd	1	16
traffic	1	13
standard	3	15,9
standard_hd	1	16
standard	4	15,18,19
standard_hd	1	16
standard	1	14
standard_hd	1	16
traffic_hd	1	8
standard	1	19
traffic_hd	1	14
standard	2	19
standard_hd	3	16,17
photo	1	18
standard	2	19
photo	1	18
traffic_hd	1	14
standard_hd	2	16
photo	1	18
standard_hd	1	16
photo	1	15
standard_hd	2	16
standard	3	19,9
hybrid	2	8
standard_hd	2	16,17
standard	2	18,19
standard_hd	1	13
standard	1	19
standard_hd	1	16
standard	3	19
standard_hd	1	16
standard	1	19
hybrid	1	17
photo	1	19
traffic_hd	1	15
standard	2	12,19
standard_hd	4	13,16
standard	1	19
standard_hd	2	18
standard	1	12
standard_hd	2	16,18
standard	1	19
photo	1	13
standard	1	19
standard_hd	1	18
standard	1	15
standard_hd	5	14,16,19
photo	1	19
standard_hd	1	10
photo	1	19
standard_hd	1	5
photo	1	19
standard	2	16
standard_hd	2	14,18
standard	1	16
standard_hd	2	16,18
photo	1	19
standard_hd	1	18
hybrid	1	8
standard_hd	3	14,18
traffic	1	10
photo	1	19
standard	1	15
standard_hd	5	14,18
standard	1	15
standard_hd	3	18
traffic	1	15
standard_hd	3	18
standard	1	16
standard_hd	1	18
traffic	1	15
standard_hd	5	11,18
traffic_hd	1	9
standard	1	19
traffic	1	15
photo	1	19
standard_hd	3	15
standard	3	16,19
standard_hd	3	18,19
standard	2	16
traffic_hd	1	19
photo	1	19
standard_hd	1	19
traffic_hd	1	19
standard	1	19
standard_hd	2	12,18
standard	3	16,19
standard_hd	2	12,18
standard	1	16
traffic_hd	1	19
hybrid	1	17
traffic_hd	1	19
standard	1	19
standard_hd	1	19
standard	1	19
standard_hd	4	16,19,8
photo	2	15
standard	1	19
photo	2	15
standard_hd	3	19
traffic_hd	3	13,19
standard	1	16
traffic	1	15
standard	3	14,17,9
standard_hd	2	12,16
standard	1	19
photo	1	18
traffic_hd	1	19
standard	1	19
standard_hd	1	17
standard	1	17
traffic	1	16
standard	1	12
photo	1	19
standard_hd	1	19
standard	2	19
standard_hd	2	18,19
traffic_hd	1	13
standard_hd	2	13,19
standard	1	16
standard_hd	1	18
standard	1	19
standard_hd	1	19
standard	1	15
standard_hd	3	18,19,9
photo	1	15
standard_hd	1	19
standard	1	18
standard_hd	4	19
photo	3	18
standard_hd	1	19
photo	1	18
standard	1	17
standard_hd	2	15,19
photo	1	18
standard	1	16
standard_hd	6	14,19
traffic	1	19
standard	2	16,19
traffic	1	19
standard	1	19
standard_hd	2	19
standard	1	19
standard_hd	2	19
traffic	1	12
hybrid	1	8
standard_hd	3	15,19
photo	1	14
standard_hd	3	15,19
standard	1	19
photo	1	18
hybrid	1	14
photo	1	16
standard_hd	1	19
hybrid	1	16
standard_hd	2	15,19
hybrid	1	16
photo	1	18
standard_hd	2	19,7
photo	1	19
standard_hd	2	17
photo	1	16
standard	1	19
photo	1	19
standard	1	17
standard_hd	1	15
photo	2	18,19
standard	1	16
photo	2	18
standard_hd	1	15
standard	1	16
standard_hd	1	18
standard	3	16,17
standard_hd	10	17,18
standard	1	12
photo	1	14
traffic_hd	1	9
photo	1	18
standard_hd	1	11
standard	1	19
standard_hd	1	17
standard	1	14
standard_hd	1	9
traffic_hd	1	9
standard_hd	1	11
public_transport_hd	1	16
traffic_hd	1	8
hybrid	1	8
traffic_hd	1	14
standard	1	19
standard_hd	3	17
standard	1	19
standard_hd	5	19
photo	2	15,19
standard_hd	3	17,18,19
photo	1	15
standard_hd	2	17,18
photo	1	19
standard_hd	1	19
standard	1	19
standard_hd	4	17,18,19
hybrid	1	16
photo	2	16
hybrid	1	16
photo	2	16
standard_hd	2	17
photo	1	16
standard_hd	2	17
traffic_hd	1	9
photo	1	19
standard_hd	5	12,17,19
photo	1	10
standard	1	19
hybrid	1	16
standard_hd	1	17
photo	1	14
standard_hd	1	17
photo	1	14
hybrid	1	16
standard_hd	2	18
standard	1	17
standard_hd	1	18
photo	2	17,19
traffic	1	18
standard_hd	1	13
public_transport_hd	1	15
photo	1	10
public_transport_hd	1	15
photo	1	12
standard_hd	3	17,18,8
standard	1	19
standard_hd	3	13,17
standard	1	19
standard_hd	2	16,18
standard	1	19
standard_hd	1	16
traffic	1	18
traffic_hd	1	14
standard_hd	1	16
traffic_hd	1	14
standard_hd	1	16
standard	1	18
photo	5	14,18
standard	2	11,18
traffic	1	18
photo	1	19
traffic_hd	1	9
standard_hd	1	18
standard	2	15,19
traffic_hd	1	8
standard	4	11,15,19
traffic_hd	1	14
photo	2	9
traffic_hd	1	6
traffic	1	18
photo	1	19
traffic_hd	1	18
hybrid	1	8
standard_hd	2	17,8
photo	1	9
standard_hd	1	18
standard	1	17
standard_hd	2	17,18
standard	1	12
standard_hd	1	17
hybrid	1	9
standard_hd	1	17
traffic	1	18
standard_hd	2	13,18
hybrid	1	9
photo	1	10
hybrid	1	9
standard	2	17,19
photo	1	11
standard	1	19
standard_hd	1	13
standard	1	17
traffic	1	17
standard_hd	2	13
standard	1	17
photo	2	18,19
standard	2	18
photo	2	19
standard	3	18,19
standard_hd	1	13
standard	1	12
traffic_hd	1	16
standard_hd	1	16
traffic_hd	1	18
standard_hd	2	13,16
standard	1	9
standard_hd	1	16
hybrid	1	8
standard_hd	3	16,18
traffic_hd	1	13
standard_hd	2	16,18
traffic_hd	2	14,18
standard_hd	1	13
standard	1	19
standard_hd	1	16
standard	1	17
photo	1	19
standard	1	16
standard_hd	1	19
standard	1	19
hybrid	1	8
standard	2	15,17
standard_hd	1	7
photo	1	19
standard	1	19
standard_hd	1	19
photo	2	18,19
standard_hd	3	13,16
photo	1	18
standard_hd	1	19
photo	4	14
standard	1	19
photo	3	14
standard_hd	2	13,17
traffic_hd	1	15
standard_hd	3	16,19
photo	1	19
standard_hd	1	16
standard	1	19
standard_hd	1	16
standard	1	16
standard_hd	1	16
photo	1	14
standard	1	19
standard_hd	1	16
standard	1	19
photo	1	14
standard_hd	1	16
standard	3	19
standard_hd	2	13,19
standard	1	19
photo	2	19
standard	2	18
hybrid	1	19
standard_hd	1	19
photo	1	19
hybrid	1	19
standard_hd	1	19
photo	1	19
hybrid	2	19
photo	1	19
standard_hd	2	16,19
traffic_hd	1	18
standard	1	19
traffic_hd	1	8
standard_hd	2	16,19
hybrid	1	19
photo	3	11,14
hybrid	1	19
photo	1	14
standard	1	18
photo	1	18
standard_hd	1	16
traffic_hd	5	16,18
standard	1	9
traffic_hd	1	8
standard	1	18
traffic_hd	3	19
standard	1	19
traffic_hd	3	19
standard	1	16
photo	1	19
standard	1	16
traffic_hd	2	16
photo	4	19
standard	1	16
photo	3	19
standard	1	7
photo	2	19
traffic_hd	1	16
standard_hd	1	15
traffic	1	12
standard	1	14
photo	1	19
standard_hd	1	12
standard	1	19
traffic	1	12
standard	1	18
traffic_hd	1	16
standard_hd	1	15
hybrid	1	8
traffic_hd	2	11,8
standard_hd	1	15
standard	2	15,18
photo	1	19
standard	4	15,19
traffic_hd	1	16
standard	1	16
traffic_hd	1	10
photo	1	15
standard	2	16,19
standard_hd	1	18
photo	1	15
traffic_hd	1	8
standard	1	15
hybrid	1	8
standard	1	17
standard_hd	1	9
hybrid	1	9
traffic_hd	1	18
standard	1	15
traffic_hd	1	16
standard	1	19
standard_hd	1	9
hybrid	1	9
traffic_hd	1	10
standard	1	19
photo	1	15
standard	1	18
standard_hd	2	17
standard	1	15
standard_hd	1	17
standard	1	19
hybrid	2	19
photo	1	19
hybrid	1	19
standard	2	16,17
standard_hd	1	16
standard	3	19
standard_hd	1	11
standard	1	19
standard_hd	1	14
hybrid	1	9
traffic_hd	1	8
photo	3	15,19
traffic_hd	1	8
photo	1	15
standard_hd	1	17
photo	1	15
standard_hd	3	17,18,5
traffic	1	12
standard	1	19
standard_hd	2	17,18
traffic	1	12
standard_hd	3	17,18
hybrid	1	9
standard_hd	2	17,18
standard	3	16,19
photo	1	19
standard	2	12,19
traffic_hd	1	11
standard_hd	2	17,18
standard	1	19
standard_hd	1	17
standard	2	18,19
standard_hd	1	18
standard	1	15
traffic_hd	2	11,8
standard_hd	1	17
traffic_hd	1	8
standard_hd	3	17
photo	2	14,9
standard	2	19
photo	1	16
standard_hd	2	10,18
standard	1	19
standard_hd	1	18
photo	1	16
standard_hd	1	18
standard	1	13
hybrid	2	19
photo	1	16
standard	1	16
photo	2	16,9
standard_hd	1	14
standard	2	16
traffic_hd	2	14,9
photo	1	19
standard	1	12
standard_hd	1	11
standard	1	19
standard_hd	2	11
photo	2	11,14
traffic_hd	1	17
standard	1	13
standard_hd	8	16
traffic_hd	1	8
photo	2	16
standard	2	15
photo	1	16
traffic_hd	1	8
standard_hd	2	11,19
photo	1	18
standard_hd	4	10,11,19
traffic_hd	1	14
standard_hd	1	19
photo	1	18
standard_hd	1	19
photo	1	18
standard	1	19
photo	1	18
standard_hd	1	16
photo	1	18
standard_hd	1	16
standard	1	19
traffic_hd	1	12
standard	1	19
standard_hd	5	11,16,19
standard	1	13
standard_hd	2	16
traffic_hd	1	12
standard_hd	1	8
standard	1	18
standard_hd	2	16,8
traffic_hd	1	12
standard_hd	1	16
traffic	2	13
standard	1	19
traffic	2	6
standard	1	19
standard_hd	4	16,19
standard	1	19
standard_hd	1	16
standard	1	15
traffic_hd	1	12
standard_hd	4	16,19
standard	1	12
standard_hd	2	19
photo	1	19
standard_hd	1	16
photo	3	19
standard_hd	1	16
photo	1	19
traffic_hd	1	7
traffic	1	12
standard_hd	1	16
traffic	3	12
photo	1	19
traffic	1	12
photo	2	19
standard_hd	2	13,16
standard	1	17
standard_hd	2	10,16
photo	1	14
traffic_hd	1	8
photo	1	14
standard	1	19
photo	6	14,16,6
standard_hd	2	16,9
hybrid	1	9
standard	2	12,19
standard_hd	1	16
standard	1	19
standard_hd	1	11
traffic_hd	1	8
public_transport_hd	1	15
photo	4	14,19,6
hybrid	1	9
traffic_hd	1	6
photo	1	14
traffic	1	14
photo	1	14
traffic	1	14
traffic_hd	4	12,6,8
standard_hd	3	12,16,19
traffic_hd	2	6
standard	1	14
standard_hd	1	16
standard	1	14
standard_hd	1	16
standard	1	19
standard_hd	1	18
standard	1	17
traffic_hd	1	7
standard_hd	4	15,16,18,19
standard	1	14
standard_hd	3	16,18
standard	1	17
photo	3	16
standard	1	19
standard_hd	1	11
standard	1	17
standard_hd	1	16
traffic_hd	1	13
standard_hd	1	16
photo	1	6
standard_hd	1	18
traffic_hd	1	12
photo	1	6
standard	1	19
standard_hd	3	16,18
standard	1	17
traffic_hd	1	8
standard_hd	1	11
standard	2	19,8
standard_hd	1	18
photo	1	18
standard	2	16
photo	1	18
traffic_hd	1	17
traffic	4	12
standard	1	19
traffic	1	12
standard	2	16,9
standard_hd	1	17
standard	2	11,14
public_transport_hd	2	14
standard_hd	1	19
photo	1	19
standard_hd	2	16,18
traffic	1	16
standard_hd	1	12
traffic	1	16
standard	2	11,16
traffic	2	16
standard	2	19
traffic	1	12
standard	1	19
traffic_hd	1	14
traffic	1	12
traffic_hd	1	8
standard_hd	1	12
standard	1	19
standard_hd	1	18
standard	1	12
photo	1	17
standard	1	19
photo	1	17
standard_hd	1	17
standard	1	19
photo	1	18
standard_hd	2	17
photo	1	17
standard_hd	1	17
standard	2	17,19
standard_hd	1	17
standard	1	19
standard_hd	1	18
standard	1	19
standard_hd	1	17
standard	5	16,17,18
standard_hd	1	17
traffic_hd	1	8
standard_hd	2	17,19
traffic_hd	1	8
standard_hd	4	12,17
photo	2	19
standard_hd	3	17,19
standard	2	17,19
standard_hd	2	10,19
standard	2	12,6
standard_hd	1	10
standard	2	17,18
traffic_hd	2	15,8
standard_hd	2	17
photo	1	11
standard	1	19
traffic_hd	1	8
standard_hd	1	14
standard	1	17
traffic_hd	1	8
standard_hd	1	16
photo	1	17
standard_hd	1	18
photo	2	17
standard	1	16
photo	1	17
standard_hd	1	16
public_transport_hd	2	17
standard_hd	1	16
standard	1	17
standard_hd	3	12,17,19
public_transport_hd	1	14
standard	1	14
traffic_hd	1	8
photo	1	19
standard_hd	2	17
photo	1	6
standard_hd	6	15,17,18,9.496624617861725
standard	1	19
standard_hd	1	18
traffic_hd	1	8
standard	1	11
photo	2	12,19
standard	1	12
standard_hd	1	18
standard	3	14,19
public_transport_hd	1	14
photo	1	18
standard_hd	1	18
photo	1	18
standard	1	16
standard_hd	1	17
standard	1	14
traffic	2	12
standard_hd	1	11
traffic	1	12
standard_hd	2	18
standard	1	19
standard_hd	4	16,18
traffic_hd	1	8
standard	2	17,19
standard_hd	1	18
standard	1	14
traffic_hd	1	15
standard	1	17
photo	2	16
traffic_hd	1	13
standard_hd	2	17
traffic_hd	1	18
standard	1	14
photo	1	16
standard_hd	1	17
traffic_hd	1	8
standard_hd	3	13,17,18
standard	1	19
standard_hd	1	13
standard	1	11
traffic_hd	2	14,18
standard_hd	1	18
standard	1	19
traffic_hd	2	14,8
standard	1	11
photo	1	17
standard	3	11,16,18
public_transport_hd	1	13
photo	2	19
standard_hd	1	18
photo	1	19
standard	2	17,18
traffic_hd	1	14
standard_hd	1	18
standard	2	11,14
traffic_hd	1	14
standard_hd	2	18
standard	1	16
traffic_hd	1	10
standard	2	16,19
standard_hd	1	18
traffic_hd	1	14
standard_hd	1	5
photo	1	17
standard	1	19
photo	1	17
standard_hd	1	18
photo	2	17
standard_hd	1	18
standard	1	16
standard_hd	1	17
standard	5	12,16,19
traffic_hd	1	14
standard	1	19
hybrid	3	17
standard_hd	1	17
standard	3	12,15,19
photo	1	17
traffic_hd	1	8
photo	2	17
hybrid	1	17
photo	1	19
standard_hd	1	16
standard	1	15
standard_hd	1	17
standard	1	19
photo	1	14
standard_hd	1	17
traffic_hd	1	8
photo	1	15
standard_hd	1	17
photo	1	15
standard	1	11
photo	1	19
standard	1	11
standard_hd	10	13,14,16,17,18
photo	3	11,18
standard_hd	1	17
photo	1	18
standard_hd	3	17,18
standard	4	13,19
standard_hd	3	17,19
standard	1	19
standard_hd	5	19
standard	2	13,19
traffic_hd	1	15
photo	1	6
standard_hd	1	11
standard	1	19
photo	1	8
standard_hd	5	17,19
standard	1	15
standard_hd	2	16,19
standard	2	12
standard_hd	1	8
standard	2	15,19
standard_hd	2	12,18
traffic_hd	1	11
photo	2	19,7
standard_hd	1	19
photo	2	19
standard	1	19
traffic_hd	1	9
photo	1	15
standard_hd	2	13,19
photo	1	19
standard	1	19
standard_hd	2	19
photo	1	7
traffic_hd	1	17
standard_hd	3	13,14,19
photo	1	17
standard_hd	1	10
photo	4	17,7
hybrid	1	17
traffic_hd	1	16
standard	1	15
standard_hd	1	19
photo	1	17
standard	1	19
traffic_hd	1	19
traffic	1	13
standard_hd	1	13
traffic	1	13
traffic_hd	1	9
standard_hd	1	13
traffic_hd	1	9
photo	1	7
traffic_hd	1	9
standard	1	12
standard_hd	1	19
photo	1	19
standard_hd	1	19
standard	1	19
photo	1	19
traffic	1	13
standard	1	19
standard_hd	2	15,17
standard	1	19
standard_hd	1	14
standard	1	15
traffic_hd	1	19
standard_hd	1	17
standard	1	19
standard_hd	4	13,17,18
standard	1	19
standard_hd	2	16
photo	1	19
standard_hd	1	15
photo	1	7
standard	1	19
standard_hd	2	15
photo	2	19
standard_hd	1	15
photo	1	19
standard_hd	2	13,16
standard	1	15
standard_hd	6	13,15,16,17,18
photo	1	18
standard_hd	3	13,19
standard	1	17
standard_hd	1	18
photo	2	19
standard	1	19
photo	1	19
standard_hd	3	13,16,18
traffic_hd	1	9
standard_hd	1	16
traffic	1	9
standard_hd	4	13,16,18
traffic_hd	1	7
standard_hd	4	16
photo	1	17
standard_hd	2	11,18
photo	1	17
standard_hd	2	16
traffic	1	12
standard	2	14,16
standard_hd	1	16
standard	2	13,19
standard_hd	2	16,17
standard	2	13,19
standard_hd	3	16,17
traffic	1	8
standard_hd	1	17
photo	1	19
standard	1	15
traffic_hd	1	16
standard	1	15
traffic	1	8
standard_hd	1	17
traffic_hd	1	16
standard_hd	1	10
standard	1	19
photo	4	17,19
standard_hd	1	17
standard	1	19
traffic_hd	1	9
standard_hd	3	16
traffic_hd	1	9
standard	1	15
standard_hd	1	17
standard	1	15
standard_hd	2	15,17
standard	2	12,15
traffic_hd	1	16
standard_hd	1	14.265692794403316
photo	2	17,19
traffic_hd	1	12
standard_hd	2	14
photo	1	19
traffic_hd	1	9
standard_hd	1	15
public_transport_hd	1	13
photo	1	17
standard_hd	1	19
standard	1	19
standard_hd	1	5
photo	3	16,17
standard_hd	2	11,18
photo	1	16
traffic_hd	2	10,16
standard_hd	4	19
standard	1	19
standard_hd	1	13
traffic_hd	1	9
standard_hd	2	17,18
standard	1	17
traffic_hd	1	16
photo	1	18
standard	3	13,17,19
standard_hd	2	16,17
photo	1	18
standard_hd	2	16,17
photo	1	18
standard_hd	1	17
traffic_hd	1	18
standard_hd	1	17
standard	1	19
standard_hd	1	11
traffic_hd	2	18,19
photo	5	18
standard_hd	1	11
traffic_hd	1	8
standard_hd	1	18
traffic_hd	1	18
standard_hd	1	16
standard	1	19
photo	1	19
standard	1	19
standard_hd	1	18
traffic_hd	1	8
photo	1	17
traffic	1	7
traffic_hd	1	18
standard	1	9
traffic_hd	1	9
standard_hd	2	12,14.868573984651603
traffic_hd	1	18
standard_hd	1	12
traffic_hd	2	16,19
standard_hd	2	16
standard	1	19
photo	1	19
traffic_hd	2	18,9
standard_hd	1	18
standard	2	11,13
standard_hd	2	18
photo	1	18
standard_hd	1	19
photo	1	19
standard_hd	1	17
photo	1	19
traffic	1	17
public_transport_hd	2	12
standard	1	18
photo	1	18
standard_hd	3	15,19
public_transport_hd	1	12
standard_hd	4	19
standard	1	13
traffic_hd	1	16
public_transport_hd	1	12
traffic_hd	1	9
photo	1	19
standard_hd	1	13
photo	1	19
standard_hd	5	13,14
standard	1	13
standard_hd	1	11
standard	2	17
standard_hd	1	10
standard	1	17
photo	1	19
traffic_hd	1	8
standard_hd	1	16
standard	1	4
standard_hd	6	15,16,19
standard	1	17
standard_hd	3	15,19,5
standard	1	19
traffic_hd	1	7
standard_hd	4	17,19
standard	1	17
standard_hd	5	15,19
traffic_hd	1	19
standard_hd	1	16
standard	1	18
photo	1	19
standard	1	19
standard_hd	1	16
photo	1	19
standard_hd	1	16
traffic_hd	1	7
standard_hd	1	16
photo	1	19
standard	1	19
standard_hd	1	16
traffic_hd	1	19
standard	1	4
standard_hd	2	15,16
standard	1	14
standard_hd	2	16
standard	1	19
standard_hd	1	16
photo	1	17
traffic_hd	1	7
standard	1	19
photo	1	17
traffic_hd	2	10,11
standard_hd	1	14
standard	1	19
traffic_hd	1	7
standard	3	15,17,19
photo	1	17
standard	4	14,17,19
standard_hd	1	14
standard	1	19
standard_hd	1	18
photo	1	5
standard_hd	2	14,16
standard	2	15,19
standard_hd	2	14,16
standard	1	15
standard_hd	1	8
standard	2	19
traffic_hd	1	11
standard_hd	3	14,16
traffic_hd	1	7
photo	1	19
standard_hd	3	16,19
photo	1	19
standard	2	19
traffic_hd	1	16
photo	1	15
traffic_hd	3	11,7
standard	1	11
photo	1	19
standard_hd	2	16,18
standard	1	18
standard_hd	1	18
standard	1	17
standard_hd	6	15,16,18
photo	2	19
traffic_hd	1	7
standard_hd	1	16
standard	1	19
standard_hd	1	18
standard	1	19
standard_hd	1	18
photo	1	8
standard_hd	3	16,18
traffic_hd	2	11,7
standard_hd	2	13,17
traffic_hd	1	11
standard_hd	6	15,16,17,18
standard	1	15
standard_hd	1	18
standard	1	15
standard_hd	2	16
standard	1	17
standard_hd	1	12
standard	1	19
standard_hd	1	14
standard	3	15,19,9
photo	1	19
standard_hd	4	18
photo	1	15
standard_hd	2	13,18
standard	3	17,19
standard_hd	1	13
standard	1	17
photo	1	18
standard	2	17,19
photo	1	19
traffic_hd	1	11
standard_hd	2	12,16
photo	1	18
standard_hd	1	16
traffic_hd	1	16
standard	1	15
traffic	1	15
traffic_hd	1	16
standard	1	12
traffic	1	15
standard_hd	1	16
standard	1	16
standard_hd	1	13
standard	4	17,19
standard_hd	1	11
standard	1	15
standard_hd	1	15
standard	2	15,19
standard_hd	1	15
standard	1	17
photo	1	19
standard	1	18
standard_hd	1	17
standard	1	19
standard_hd	1	17
photo	1	11
standard	2	12,19
traffic_hd	1	12
standard_hd	1	14
standard	1	12
standard_hd	4	14,15,17
standard	1	12
photo	2	17,19
traffic_hd	1	12
standard_hd	1	13
standard	1	17
standard_hd	3	13,14
standard	2	17
traffic_hd	3	15,5
photo	1	19
hybrid	1	19
standard	1	16
photo	1	19
standard	2	16,19
standard_hd	1	14
photo	1	19
standard_hd	2	16
standard	5	15,17,19
standard_hd	3	14,18
traffic_hd	1	13
standard	1	16
standard_hd	2	18
standard	1	15
photo	1	18
standard_hd	2	11,18
traffic_hd	1	13
standard_hd	1	11
traffic_hd	1	16
standard_hd	2	18
photo	1	18
traffic	1	15
standard	2	14,15
photo	1	18
standard_hd	2	18
photo	2	18
traffic_hd	1	18
photo	2	18
standard	3	14
traffic_hd	1	8
traffic	2	18
standard_hd	1	16
standard	1	14
